<?xml version="1.0" encoding="UTF-8"?>
<!-- Generated by org.testng.reporters.JUnitXMLReporter -->
<testsuite ignored="7" hostname="RameshCh" failures="9" tests="12" name="opencartTest(failed)" time="92.988" errors="0" timestamp="2023-06-06T18:12:49 MST">
  <testcase classname="com.qa.opencart.testcase.MyAccountPageTest" name="performProductSearchTest" time="5.378">
    <failure type="java.lang.IllegalArgumentException" message="Input must be set">
      <![CDATA[java.lang.IllegalArgumentException: Input must be set
at org.openqa.selenium.internal.Require.nonNull(Require.java:59)
at org.openqa.selenium.support.ui.FluentWait.<init>(FluentWait.java:97)
at org.openqa.selenium.support.ui.WebDriverWait.<init>(WebDriverWait.java:77)
at org.openqa.selenium.support.ui.WebDriverWait.<init>(WebDriverWait.java:46)
at com.qa.opencart.utils.WebDriverUtils.<init>(WebDriverUtils.java:59)
at com.qa.opencart.pages.ResultsPage.<init>(ResultsPage.java:22)
at com.qa.opencart.pages.MyAccountPage.doProductSearch(MyAccountPage.java:83)
at com.qa.opencart.testcase.MyAccountPageTest.performProductSearchTest(MyAccountPageTest.java:106)
at java.base/java.util.ArrayList.forEach(ArrayList.java:1541)
... Removed 27 stack frames]]>
    </failure>
  </testcase> <!-- performProductSearchTest -->
  <testcase classname="com.qa.opencart.testcase.MyAccountPageTest" name="performProductSearchTest" time="5.196">
    <failure type="java.lang.IllegalArgumentException" message="Input must be set">
      <![CDATA[java.lang.IllegalArgumentException: Input must be set
at org.openqa.selenium.internal.Require.nonNull(Require.java:59)
at org.openqa.selenium.support.ui.FluentWait.<init>(FluentWait.java:97)
at org.openqa.selenium.support.ui.WebDriverWait.<init>(WebDriverWait.java:77)
at org.openqa.selenium.support.ui.WebDriverWait.<init>(WebDriverWait.java:46)
at com.qa.opencart.utils.WebDriverUtils.<init>(WebDriverUtils.java:59)
at com.qa.opencart.pages.ResultsPage.<init>(ResultsPage.java:22)
at com.qa.opencart.pages.MyAccountPage.doProductSearch(MyAccountPage.java:83)
at com.qa.opencart.testcase.MyAccountPageTest.performProductSearchTest(MyAccountPageTest.java:106)
at java.base/java.util.ArrayList.forEach(ArrayList.java:1541)
... Removed 27 stack frames]]>
    </failure>
  </testcase> <!-- performProductSearchTest -->
  <testcase classname="com.qa.opencart.testcase.MyAccountPageTest" name="performProductSearchTest" time="5.188">
    <failure type="java.lang.IllegalArgumentException" message="Input must be set">
      <![CDATA[java.lang.IllegalArgumentException: Input must be set
at org.openqa.selenium.internal.Require.nonNull(Require.java:59)
at org.openqa.selenium.support.ui.FluentWait.<init>(FluentWait.java:97)
at org.openqa.selenium.support.ui.WebDriverWait.<init>(WebDriverWait.java:77)
at org.openqa.selenium.support.ui.WebDriverWait.<init>(WebDriverWait.java:46)
at com.qa.opencart.utils.WebDriverUtils.<init>(WebDriverUtils.java:59)
at com.qa.opencart.pages.ResultsPage.<init>(ResultsPage.java:22)
at com.qa.opencart.pages.MyAccountPage.doProductSearch(MyAccountPage.java:83)
at com.qa.opencart.testcase.MyAccountPageTest.performProductSearchTest(MyAccountPageTest.java:106)
at java.base/java.util.ArrayList.forEach(ArrayList.java:1541)
... Removed 27 stack frames]]>
    </failure>
  </testcase> <!-- performProductSearchTest -->
  <testcase classname="com.qa.opencart.testcase.MyAccountPageTest" name="doLogout" time="0.0">
    <skipped/>
  </testcase> <!-- doLogout -->
  <testcase classname="com.qa.opencart.testcase.RegistrationPageTest" name="registerAccountWithExcelTest" time="0.0">
    <skipped/>
  </testcase> <!-- registerAccountWithExcelTest -->
  <testcase classname="com.qa.opencart.testcase.ProductDetailsPageTest" name="verifyProductImageTest" time="5.001">
    <failure type="java.lang.IllegalArgumentException" message="Input must be set">
      <![CDATA[java.lang.IllegalArgumentException: Input must be set
at org.openqa.selenium.internal.Require.nonNull(Require.java:59)
at org.openqa.selenium.support.ui.FluentWait.<init>(FluentWait.java:97)
at org.openqa.selenium.support.ui.WebDriverWait.<init>(WebDriverWait.java:77)
at org.openqa.selenium.support.ui.WebDriverWait.<init>(WebDriverWait.java:46)
at com.qa.opencart.utils.WebDriverUtils.<init>(WebDriverUtils.java:59)
at com.qa.opencart.pages.ResultsPage.<init>(ResultsPage.java:22)
at com.qa.opencart.pages.MyAccountPage.doProductSearch(MyAccountPage.java:83)
at com.qa.opencart.testcase.ProductDetailsPageTest.verifyProductImageTest(ProductDetailsPageTest.java:74)
at java.base/java.util.ArrayList.forEach(ArrayList.java:1541)
... Removed 27 stack frames]]>
    </failure>
  </testcase> <!-- verifyProductImageTest -->
  <testcase classname="com.qa.opencart.testcase.ProductDetailsPageTest" name="verifyProductImageTest" time="5.044">
    <failure type="java.lang.IllegalArgumentException" message="Input must be set">
      <![CDATA[java.lang.IllegalArgumentException: Input must be set
at org.openqa.selenium.internal.Require.nonNull(Require.java:59)
at org.openqa.selenium.support.ui.FluentWait.<init>(FluentWait.java:97)
at org.openqa.selenium.support.ui.WebDriverWait.<init>(WebDriverWait.java:77)
at org.openqa.selenium.support.ui.WebDriverWait.<init>(WebDriverWait.java:46)
at com.qa.opencart.utils.WebDriverUtils.<init>(WebDriverUtils.java:59)
at com.qa.opencart.pages.ResultsPage.<init>(ResultsPage.java:22)
at com.qa.opencart.pages.MyAccountPage.doProductSearch(MyAccountPage.java:83)
at com.qa.opencart.testcase.ProductDetailsPageTest.verifyProductImageTest(ProductDetailsPageTest.java:74)
at java.base/java.util.ArrayList.forEach(ArrayList.java:1541)
... Removed 27 stack frames]]>
    </failure>
  </testcase> <!-- verifyProductImageTest -->
  <testcase classname="com.qa.opencart.testcase.ProductDetailsPageTest" name="verifyProductImageTest" time="5.213">
    <failure type="java.lang.IllegalArgumentException" message="Input must be set">
      <![CDATA[java.lang.IllegalArgumentException: Input must be set
at org.openqa.selenium.internal.Require.nonNull(Require.java:59)
at org.openqa.selenium.support.ui.FluentWait.<init>(FluentWait.java:97)
at org.openqa.selenium.support.ui.WebDriverWait.<init>(WebDriverWait.java:77)
at org.openqa.selenium.support.ui.WebDriverWait.<init>(WebDriverWait.java:46)
at com.qa.opencart.utils.WebDriverUtils.<init>(WebDriverUtils.java:59)
at com.qa.opencart.pages.ResultsPage.<init>(ResultsPage.java:22)
at com.qa.opencart.pages.MyAccountPage.doProductSearch(MyAccountPage.java:83)
at com.qa.opencart.testcase.ProductDetailsPageTest.verifyProductImageTest(ProductDetailsPageTest.java:74)
at java.base/java.util.ArrayList.forEach(ArrayList.java:1541)
... Removed 27 stack frames]]>
    </failure>
  </testcase> <!-- verifyProductImageTest -->
  <testcase classname="com.qa.opencart.testcase.ProductDetailsPageTest" name="verifyProductImageTest" time="5.299">
    <failure type="java.lang.IllegalArgumentException" message="Input must be set">
      <![CDATA[java.lang.IllegalArgumentException: Input must be set
at org.openqa.selenium.internal.Require.nonNull(Require.java:59)
at org.openqa.selenium.support.ui.FluentWait.<init>(FluentWait.java:97)
at org.openqa.selenium.support.ui.WebDriverWait.<init>(WebDriverWait.java:77)
at org.openqa.selenium.support.ui.WebDriverWait.<init>(WebDriverWait.java:46)
at com.qa.opencart.utils.WebDriverUtils.<init>(WebDriverUtils.java:59)
at com.qa.opencart.pages.ResultsPage.<init>(ResultsPage.java:22)
at com.qa.opencart.pages.MyAccountPage.doProductSearch(MyAccountPage.java:83)
at com.qa.opencart.testcase.ProductDetailsPageTest.verifyProductImageTest(ProductDetailsPageTest.java:74)
at java.base/java.util.ArrayList.forEach(ArrayList.java:1541)
... Removed 27 stack frames]]>
    </failure>
  </testcase> <!-- verifyProductImageTest -->
  <testcase classname="com.qa.opencart.testcase.ProductDetailsPageTest" name="verifyProductImageTest" time="5.021">
    <failure type="java.lang.IllegalArgumentException" message="Input must be set">
      <![CDATA[java.lang.IllegalArgumentException: Input must be set
at org.openqa.selenium.internal.Require.nonNull(Require.java:59)
at org.openqa.selenium.support.ui.FluentWait.<init>(FluentWait.java:97)
at org.openqa.selenium.support.ui.WebDriverWait.<init>(WebDriverWait.java:77)
at org.openqa.selenium.support.ui.WebDriverWait.<init>(WebDriverWait.java:46)
at com.qa.opencart.utils.WebDriverUtils.<init>(WebDriverUtils.java:59)
at com.qa.opencart.pages.ResultsPage.<init>(ResultsPage.java:22)
at com.qa.opencart.pages.MyAccountPage.doProductSearch(MyAccountPage.java:83)
at com.qa.opencart.testcase.ProductDetailsPageTest.verifyProductImageTest(ProductDetailsPageTest.java:74)
at java.base/java.util.ArrayList.forEach(ArrayList.java:1541)
... Removed 27 stack frames]]>
    </failure>
  </testcase> <!-- verifyProductImageTest -->
  <testcase classname="com.qa.opencart.testcase.ProductDetailsPageTest" name="performProductMetadataTest" time="5.161">
    <failure type="java.lang.IllegalArgumentException" message="Input must be set">
      <![CDATA[java.lang.IllegalArgumentException: Input must be set
at org.openqa.selenium.internal.Require.nonNull(Require.java:59)
at org.openqa.selenium.support.ui.FluentWait.<init>(FluentWait.java:97)
at org.openqa.selenium.support.ui.WebDriverWait.<init>(WebDriverWait.java:77)
at org.openqa.selenium.support.ui.WebDriverWait.<init>(WebDriverWait.java:46)
at com.qa.opencart.utils.WebDriverUtils.<init>(WebDriverUtils.java:59)
at com.qa.opencart.pages.ResultsPage.<init>(ResultsPage.java:22)
at com.qa.opencart.pages.MyAccountPage.doProductSearch(MyAccountPage.java:83)
at com.qa.opencart.testcase.ProductDetailsPageTest.performProductMetadataTest(ProductDetailsPageTest.java:88)
at java.base/java.util.ArrayList.forEach(ArrayList.java:1541)
... Removed 27 stack frames]]>
    </failure>
  </testcase> <!-- performProductMetadataTest -->
  <testcase classname="com.qa.opencart.testcase.ProductDetailsPageTest" name="doLogout" time="0.0">
    <skipped/>
  </testcase> <!-- doLogout -->
  <testcase classname="com.qa.opencart.testcase.MyAccountPageTest" name="verifyMyAccountPageTitleTest" time="0.0">
    <ignored/>
  </testcase> <!-- verifyMyAccountPageTitleTest -->
  <testcase classname="com.qa.opencart.testcase.MyAccountPageTest" name="verifyBrokenLinksTest" time="0.0">
    <ignored/>
  </testcase> <!-- verifyBrokenLinksTest -->
  <testcase classname="com.qa.opencart.testcase.MyAccountPageTest" name="verifyMyAccountPageUrlTest" time="0.0">
    <ignored/>
  </testcase> <!-- verifyMyAccountPageUrlTest -->
  <testcase classname="com.qa.opencart.testcase.RegistrationPageTest" name="registerAccountWithFakerTest" time="0.0">
    <ignored/>
  </testcase> <!-- registerAccountWithFakerTest -->
  <testcase classname="com.qa.opencart.testcase.MyAccountPageTest" name="verifyMyAccountHeadersListTest" time="0.0">
    <ignored/>
  </testcase> <!-- verifyMyAccountHeadersListTest -->
  <testcase classname="com.qa.opencart.testcase.MyAccountPageTest" name="VerifyMyAccountMenuOptionsTest" time="0.0">
    <ignored/>
  </testcase> <!-- VerifyMyAccountMenuOptionsTest -->
  <testcase classname="com.qa.opencart.testcase.MyAccountPageTest" name="verifyMyAccountPageElementsTest" time="0.0">
    <ignored/>
  </testcase> <!-- verifyMyAccountPageElementsTest -->
</testsuite> <!-- opencartTest(failed) -->
