<!DOCTYPE html PUBLIC "-//W3C//DTD XHTML 1.1//EN" "https://www.w3.org/TR/xhtml11/DTD/xhtml11.dtd">
<html xmlns="https://www.w3.org/1999/xhtml">
<head>
<meta http-equiv="content-type" content="text/html; charset=UTF-8"/>
<title>TestNG Report</title>
<style type="text/css">table {margin-bottom:10px;border-collapse:collapse;empty-cells:show}th,td {border:1px solid #009;padding:.25em .5em}th {vertical-align:bottom}td {vertical-align:top}table a {font-weight:bold}.stripe td {background-color: #E6EBF9}.num {text-align:right}.passedodd td {background-color: #3F3}.passedeven td {background-color: #0A0}.skippedodd td {background-color: #DDD}.skippedeven td {background-color: #CCC}.failedodd td,.attn {background-color: #F33}.failedeven td,.stripe .attn {background-color: #D00}.stacktrace {white-space:pre;font-family:monospace}.totop {font-size:85%;text-align:center;border-bottom:2px solid #000}.invisible {display:none}</style>
</head>
<body>
<table>
<tr><th>Test</th><th># Passed</th><th># Skipped</th><th># Retried</th><th># Failed</th><th>Time (ms)</th><th>Included Groups</th><th>Excluded Groups</th></tr>
<tr><th colspan="8">Failed suite [opencartSuite]</th></tr>
<tr><td><a href="#t0">opencartTest(failed)</a></td><td class="num">0</td><td class="num attn">3</td><td class="num">0</td><td class="num attn">9</td><td class="num">92,988</td><td></td><td></td></tr>
</table>
<table id='summary'><thead><tr><th>Class</th><th>Method</th><th>Start</th><th>Time (ms)</th></tr></thead><tbody><tr><th colspan="4">Failed suite [opencartSuite]</th></tr></tbody><tbody id="t0"><tr><th colspan="4">opencartTest(failed) &#8212; failed</th></tr><tr class="failedeven"><td rowspan="3">com.qa.opencart.testcase.MyAccountPageTest</td><td><a href="#m0">performProductSearchTest</a></td><td rowspan="3">1686100295540</td><td rowspan="3">5378</td></tr><tr class="failedeven"><td><a href="#m1">performProductSearchTest</a></td></tr><tr class="failedeven"><td><a href="#m2">performProductSearchTest</a></td></tr><tr class="failedodd"><td rowspan="6">com.qa.opencart.testcase.ProductDetailsPageTest</td><td><a href="#m3">performProductMetadataTest</a></td><td rowspan="1">1686100362876</td><td rowspan="1">5161</td></tr><tr class="failedodd"><td><a href="#m4">verifyProductImageTest</a></td><td rowspan="5">1686100345880</td><td rowspan="5">5213</td></tr><tr class="failedodd"><td><a href="#m5">verifyProductImageTest</a></td></tr><tr class="failedodd"><td><a href="#m6">verifyProductImageTest</a></td></tr><tr class="failedodd"><td><a href="#m7">verifyProductImageTest</a></td></tr><tr class="failedodd"><td><a href="#m8">verifyProductImageTest</a></td></tr><tr><th colspan="4">opencartTest(failed) &#8212; skipped</th></tr><tr class="skippedeven"><td rowspan="1">com.qa.opencart.testcase.MyAccountPageTest</td><td><a href="#m9">doLogout</a></td><td rowspan="1">1686100312461</td><td rowspan="1">0</td></tr><tr class="skippedodd"><td rowspan="1">com.qa.opencart.testcase.ProductDetailsPageTest</td><td><a href="#m10">doLogout</a></td><td rowspan="1">1686100368598</td><td rowspan="1">0</td></tr><tr class="skippedeven"><td rowspan="1">com.qa.opencart.testcase.RegistrationPageTest</td><td><a href="#m11">registerAccountWithExcelTest</a></td><td rowspan="1">1686100317865</td><td rowspan="1">0</td></tr></tbody>
</table>
<h2>opencartTest(failed)</h2><h3 id="m0">com.qa.opencart.testcase.MyAccountPageTest#performProductSearchTest</h3><table class="result"><tr class="param"><th>Parameter #1</th></tr><tr class="param stripe"><td>MacBook</td></tr><tr><th>Exception</th></tr><tr><td><div class="stacktrace">java.lang.IllegalArgumentException: Input must be set
	at org.openqa.selenium.internal.Require.nonNull(Require.java:59)
	at org.openqa.selenium.support.ui.FluentWait.&lt;init&gt;(FluentWait.java:97)
	at org.openqa.selenium.support.ui.WebDriverWait.&lt;init&gt;(WebDriverWait.java:77)
	at org.openqa.selenium.support.ui.WebDriverWait.&lt;init&gt;(WebDriverWait.java:46)
	at com.qa.opencart.utils.WebDriverUtils.&lt;init&gt;(WebDriverUtils.java:59)
	at com.qa.opencart.pages.ResultsPage.&lt;init&gt;(ResultsPage.java:22)
	at com.qa.opencart.pages.MyAccountPage.doProductSearch(MyAccountPage.java:83)
	at com.qa.opencart.testcase.MyAccountPageTest.performProductSearchTest(MyAccountPageTest.java:106)
	at java.base/java.util.ArrayList.forEach(ArrayList.java:1541)
... Removed 27 stack frames</div></td></tr></table><p class="totop"><a href="#summary">back to summary</a></p>
<h3 id="m1">com.qa.opencart.testcase.MyAccountPageTest#performProductSearchTest</h3><table class="result"><tr class="param"><th>Parameter #1</th></tr><tr class="param stripe"><td>Samsung</td></tr><tr><th>Exception</th></tr><tr><td><div class="stacktrace">java.lang.IllegalArgumentException: Input must be set
	at org.openqa.selenium.internal.Require.nonNull(Require.java:59)
	at org.openqa.selenium.support.ui.FluentWait.&lt;init&gt;(FluentWait.java:97)
	at org.openqa.selenium.support.ui.WebDriverWait.&lt;init&gt;(WebDriverWait.java:77)
	at org.openqa.selenium.support.ui.WebDriverWait.&lt;init&gt;(WebDriverWait.java:46)
	at com.qa.opencart.utils.WebDriverUtils.&lt;init&gt;(WebDriverUtils.java:59)
	at com.qa.opencart.pages.ResultsPage.&lt;init&gt;(ResultsPage.java:22)
	at com.qa.opencart.pages.MyAccountPage.doProductSearch(MyAccountPage.java:83)
	at com.qa.opencart.testcase.MyAccountPageTest.performProductSearchTest(MyAccountPageTest.java:106)
	at java.base/java.util.ArrayList.forEach(ArrayList.java:1541)
... Removed 27 stack frames</div></td></tr></table><p class="totop"><a href="#summary">back to summary</a></p>
<h3 id="m2">com.qa.opencart.testcase.MyAccountPageTest#performProductSearchTest</h3><table class="result"><tr class="param"><th>Parameter #1</th></tr><tr class="param stripe"><td>iMac</td></tr><tr><th>Exception</th></tr><tr><td><div class="stacktrace">java.lang.IllegalArgumentException: Input must be set
	at org.openqa.selenium.internal.Require.nonNull(Require.java:59)
	at org.openqa.selenium.support.ui.FluentWait.&lt;init&gt;(FluentWait.java:97)
	at org.openqa.selenium.support.ui.WebDriverWait.&lt;init&gt;(WebDriverWait.java:77)
	at org.openqa.selenium.support.ui.WebDriverWait.&lt;init&gt;(WebDriverWait.java:46)
	at com.qa.opencart.utils.WebDriverUtils.&lt;init&gt;(WebDriverUtils.java:59)
	at com.qa.opencart.pages.ResultsPage.&lt;init&gt;(ResultsPage.java:22)
	at com.qa.opencart.pages.MyAccountPage.doProductSearch(MyAccountPage.java:83)
	at com.qa.opencart.testcase.MyAccountPageTest.performProductSearchTest(MyAccountPageTest.java:106)
	at java.base/java.util.ArrayList.forEach(ArrayList.java:1541)
... Removed 27 stack frames</div></td></tr></table><p class="totop"><a href="#summary">back to summary</a></p>
<h3 id="m3">com.qa.opencart.testcase.ProductDetailsPageTest#performProductMetadataTest</h3><table class="result"><tr><th>Exception</th></tr><tr><td><div class="stacktrace">java.lang.IllegalArgumentException: Input must be set
	at org.openqa.selenium.internal.Require.nonNull(Require.java:59)
	at org.openqa.selenium.support.ui.FluentWait.&lt;init&gt;(FluentWait.java:97)
	at org.openqa.selenium.support.ui.WebDriverWait.&lt;init&gt;(WebDriverWait.java:77)
	at org.openqa.selenium.support.ui.WebDriverWait.&lt;init&gt;(WebDriverWait.java:46)
	at com.qa.opencart.utils.WebDriverUtils.&lt;init&gt;(WebDriverUtils.java:59)
	at com.qa.opencart.pages.ResultsPage.&lt;init&gt;(ResultsPage.java:22)
	at com.qa.opencart.pages.MyAccountPage.doProductSearch(MyAccountPage.java:83)
	at com.qa.opencart.testcase.ProductDetailsPageTest.performProductMetadataTest(ProductDetailsPageTest.java:88)
	at java.base/java.util.ArrayList.forEach(ArrayList.java:1541)
... Removed 27 stack frames</div></td></tr></table><p class="totop"><a href="#summary">back to summary</a></p>
<h3 id="m4">com.qa.opencart.testcase.ProductDetailsPageTest#verifyProductImageTest</h3><table class="result"><tr class="param"><th>Parameter #1</th><th>Parameter #2</th><th>Parameter #3</th></tr><tr class="param stripe"><td>iMac</td><td>iMac</td><td>3</td></tr><tr><th colspan="3">Exception</th></tr><tr><td colspan="3"><div class="stacktrace">java.lang.IllegalArgumentException: Input must be set
	at org.openqa.selenium.internal.Require.nonNull(Require.java:59)
	at org.openqa.selenium.support.ui.FluentWait.&lt;init&gt;(FluentWait.java:97)
	at org.openqa.selenium.support.ui.WebDriverWait.&lt;init&gt;(WebDriverWait.java:77)
	at org.openqa.selenium.support.ui.WebDriverWait.&lt;init&gt;(WebDriverWait.java:46)
	at com.qa.opencart.utils.WebDriverUtils.&lt;init&gt;(WebDriverUtils.java:59)
	at com.qa.opencart.pages.ResultsPage.&lt;init&gt;(ResultsPage.java:22)
	at com.qa.opencart.pages.MyAccountPage.doProductSearch(MyAccountPage.java:83)
	at com.qa.opencart.testcase.ProductDetailsPageTest.verifyProductImageTest(ProductDetailsPageTest.java:74)
	at java.base/java.util.ArrayList.forEach(ArrayList.java:1541)
... Removed 27 stack frames</div></td></tr></table><p class="totop"><a href="#summary">back to summary</a></p>
<h3 id="m5">com.qa.opencart.testcase.ProductDetailsPageTest#verifyProductImageTest</h3><table class="result"><tr class="param"><th>Parameter #1</th><th>Parameter #2</th><th>Parameter #3</th></tr><tr class="param stripe"><td>Apple</td><td>Apple Cinema 30&quot;</td><td>6</td></tr><tr><th colspan="3">Exception</th></tr><tr><td colspan="3"><div class="stacktrace">java.lang.IllegalArgumentException: Input must be set
	at org.openqa.selenium.internal.Require.nonNull(Require.java:59)
	at org.openqa.selenium.support.ui.FluentWait.&lt;init&gt;(FluentWait.java:97)
	at org.openqa.selenium.support.ui.WebDriverWait.&lt;init&gt;(WebDriverWait.java:77)
	at org.openqa.selenium.support.ui.WebDriverWait.&lt;init&gt;(WebDriverWait.java:46)
	at com.qa.opencart.utils.WebDriverUtils.&lt;init&gt;(WebDriverUtils.java:59)
	at com.qa.opencart.pages.ResultsPage.&lt;init&gt;(ResultsPage.java:22)
	at com.qa.opencart.pages.MyAccountPage.doProductSearch(MyAccountPage.java:83)
	at com.qa.opencart.testcase.ProductDetailsPageTest.verifyProductImageTest(ProductDetailsPageTest.java:74)
	at java.base/java.util.ArrayList.forEach(ArrayList.java:1541)
... Removed 27 stack frames</div></td></tr></table><p class="totop"><a href="#summary">back to summary</a></p>
<h3 id="m6">com.qa.opencart.testcase.ProductDetailsPageTest#verifyProductImageTest</h3><table class="result"><tr class="param"><th>Parameter #1</th><th>Parameter #2</th><th>Parameter #3</th></tr><tr class="param stripe"><td>Macbook</td><td>MacBook Pro</td><td>4</td></tr><tr><th colspan="3">Exception</th></tr><tr><td colspan="3"><div class="stacktrace">java.lang.IllegalArgumentException: Input must be set
	at org.openqa.selenium.internal.Require.nonNull(Require.java:59)
	at org.openqa.selenium.support.ui.FluentWait.&lt;init&gt;(FluentWait.java:97)
	at org.openqa.selenium.support.ui.WebDriverWait.&lt;init&gt;(WebDriverWait.java:77)
	at org.openqa.selenium.support.ui.WebDriverWait.&lt;init&gt;(WebDriverWait.java:46)
	at com.qa.opencart.utils.WebDriverUtils.&lt;init&gt;(WebDriverUtils.java:59)
	at com.qa.opencart.pages.ResultsPage.&lt;init&gt;(ResultsPage.java:22)
	at com.qa.opencart.pages.MyAccountPage.doProductSearch(MyAccountPage.java:83)
	at com.qa.opencart.testcase.ProductDetailsPageTest.verifyProductImageTest(ProductDetailsPageTest.java:74)
	at java.base/java.util.ArrayList.forEach(ArrayList.java:1541)
... Removed 27 stack frames</div></td></tr></table><p class="totop"><a href="#summary">back to summary</a></p>
<h3 id="m7">com.qa.opencart.testcase.ProductDetailsPageTest#verifyProductImageTest</h3><table class="result"><tr class="param"><th>Parameter #1</th><th>Parameter #2</th><th>Parameter #3</th></tr><tr class="param stripe"><td>Macbook</td><td>MacBook Air</td><td>4</td></tr><tr><th colspan="3">Exception</th></tr><tr><td colspan="3"><div class="stacktrace">java.lang.IllegalArgumentException: Input must be set
	at org.openqa.selenium.internal.Require.nonNull(Require.java:59)
	at org.openqa.selenium.support.ui.FluentWait.&lt;init&gt;(FluentWait.java:97)
	at org.openqa.selenium.support.ui.WebDriverWait.&lt;init&gt;(WebDriverWait.java:77)
	at org.openqa.selenium.support.ui.WebDriverWait.&lt;init&gt;(WebDriverWait.java:46)
	at com.qa.opencart.utils.WebDriverUtils.&lt;init&gt;(WebDriverUtils.java:59)
	at com.qa.opencart.pages.ResultsPage.&lt;init&gt;(ResultsPage.java:22)
	at com.qa.opencart.pages.MyAccountPage.doProductSearch(MyAccountPage.java:83)
	at com.qa.opencart.testcase.ProductDetailsPageTest.verifyProductImageTest(ProductDetailsPageTest.java:74)
	at java.base/java.util.ArrayList.forEach(ArrayList.java:1541)
... Removed 27 stack frames</div></td></tr></table><p class="totop"><a href="#summary">back to summary</a></p>
<h3 id="m8">com.qa.opencart.testcase.ProductDetailsPageTest#verifyProductImageTest</h3><table class="result"><tr class="param"><th>Parameter #1</th><th>Parameter #2</th><th>Parameter #3</th></tr><tr class="param stripe"><td>Samsung</td><td>Samsung SyncMaster 941BW</td><td>1</td></tr><tr><th colspan="3">Exception</th></tr><tr><td colspan="3"><div class="stacktrace">java.lang.IllegalArgumentException: Input must be set
	at org.openqa.selenium.internal.Require.nonNull(Require.java:59)
	at org.openqa.selenium.support.ui.FluentWait.&lt;init&gt;(FluentWait.java:97)
	at org.openqa.selenium.support.ui.WebDriverWait.&lt;init&gt;(WebDriverWait.java:77)
	at org.openqa.selenium.support.ui.WebDriverWait.&lt;init&gt;(WebDriverWait.java:46)
	at com.qa.opencart.utils.WebDriverUtils.&lt;init&gt;(WebDriverUtils.java:59)
	at com.qa.opencart.pages.ResultsPage.&lt;init&gt;(ResultsPage.java:22)
	at com.qa.opencart.pages.MyAccountPage.doProductSearch(MyAccountPage.java:83)
	at com.qa.opencart.testcase.ProductDetailsPageTest.verifyProductImageTest(ProductDetailsPageTest.java:74)
	at java.base/java.util.ArrayList.forEach(ArrayList.java:1541)
... Removed 27 stack frames</div></td></tr></table><p class="totop"><a href="#summary">back to summary</a></p>
<h3 id="m9">com.qa.opencart.testcase.MyAccountPageTest#doLogout</h3><table class="result"><tr><th>Exception</th></tr><tr><td><div class="stacktrace">java.lang.Throwable: Method MyAccountPageTest.doLogout()[pri:0, instance:com.qa.opencart.testcase.MyAccountPageTest@340b7ef6] depends on not successfully finished methods
	at java.base/java.util.ArrayList.forEach(ArrayList.java:1541)
... Removed 18 stack frames</div></td></tr></table><p class="totop"><a href="#summary">back to summary</a></p>
<h3 id="m10">com.qa.opencart.testcase.ProductDetailsPageTest#doLogout</h3><table class="result"><tr><th>Exception</th></tr><tr><td><div class="stacktrace">java.lang.Throwable: Method ProductDetailsPageTest.doLogout()[pri:0, instance:com.qa.opencart.testcase.ProductDetailsPageTest@3e83c18] depends on not successfully finished methods
	at java.base/java.util.ArrayList.forEach(ArrayList.java:1541)
... Removed 18 stack frames</div></td></tr></table><p class="totop"><a href="#summary">back to summary</a></p>
<h3 id="m11">com.qa.opencart.testcase.RegistrationPageTest#registerAccountWithExcelTest</h3><table class="result"><tr><th>Exception</th></tr><tr><td><div class="stacktrace">java.lang.RuntimeException: java.lang.NullPointerException
	at java.base/java.util.ArrayList.forEach(ArrayList.java:1541)
Caused by: java.lang.NullPointerException
	at com.qa.opencart.utils.ExcelUtils.getTestData(ExcelUtils.java:46)
	at com.qa.opencart.testcase.RegistrationPageTest.excelData(RegistrationPageTest.java:138)
	... 25 more
... Removed 32 stack frames</div></td></tr></table><p class="totop"><a href="#summary">back to summary</a></p>
</body>
</html>
