<!DOCTYPE html>

<html>
  <head>
  <meta charset='utf-8'>
  <title>TestNG reports</title>

    <link type="text/css" href="testng-reports1.css" rel="stylesheet" id="ultra" />
    <link type="text/css" href="testng-reports.css" rel="stylesheet" id="retro" disabled="false"/>
    <script type="text/javascript" src="jquery.min.js"></script>
    <script type="text/javascript" src="testng-reports.js"></script>
    <script type="text/javascript" src="https://www.google.com/jsapi"></script>
    <script type='text/javascript'>
      google.load('visualization', '1', {packages:['table']});
      google.setOnLoadCallback(drawTable);
      var suiteTableInitFunctions = new Array();
      var suiteTableData = new Array();
    </script>
    <!--
      <script type="text/javascript" src="jquery-ui/js/jquery-ui-1.8.16.custom.min.js"></script>
     -->
  </head>

  <body>
    <div class="top-banner-root">
      <span class="top-banner-title-font">Test results</span>
      <button id="button" class="button">Switch Retro Theme</button> <!-- button -->
      <br/>
      <span class="top-banner-font-1">1 suite, 9 failed tests</span>
    </div> <!-- top-banner-root -->
    <div class="navigator-root">
      <div class="navigator-suite-header">
        <span>All suites</span>
        <a href="#" title="Collapse/expand all the suites" class="collapse-all-link">
          <img src="collapseall.gif" class="collapse-all-icon">
          </img> <!-- collapse-all-icon -->
        </a> <!-- collapse-all-link -->
      </div> <!-- navigator-suite-header -->
      <div class="suite">
        <div class="rounded-window">
          <div class="suite-header light-rounded-window-top">
            <a href="#" panel-name="suite-Failed_suite__opencartSuite_" class="navigator-link">
              <span class="suite-name border-failed">Failed suite [opencartSuite]</span>
            </a> <!-- navigator-link -->
          </div> <!-- suite-header light-rounded-window-top -->
          <div class="navigator-suite-content">
            <div class="suite-section-title">
              <span>Info</span>
            </div> <!-- suite-section-title -->
            <div class="suite-section-content">
              <ul>
                <li>
                  <a href="#" panel-name="test-xml-Failed_suite__opencartSuite_" class="navigator-link ">
                    <span>C:\eclipse-workspace\OpencartUiAutomation-May-18-2023\test-output\testng-failed.xml</span>
                  </a> <!-- navigator-link  -->
                </li>
                <li>
                  <a href="#" panel-name="testlist-Failed_suite__opencartSuite_" class="navigator-link ">
                    <span class="test-stats">1 test</span>
                  </a> <!-- navigator-link  -->
                </li>
                <li>
                  <a href="#" panel-name="group-Failed_suite__opencartSuite_" class="navigator-link ">
                    <span>0 groups</span>
                  </a> <!-- navigator-link  -->
                </li>
                <li>
                  <a href="#" panel-name="times-Failed_suite__opencartSuite_" class="navigator-link ">
                    <span>Times</span>
                  </a> <!-- navigator-link  -->
                </li>
                <li>
                  <a href="#" panel-name="reporter-Failed_suite__opencartSuite_" class="navigator-link ">
                    <span>Reporter output</span>
                  </a> <!-- navigator-link  -->
                </li>
                <li>
                  <a href="#" panel-name="ignored-methods-Failed_suite__opencartSuite_" class="navigator-link ">
                    <span>Ignored methods</span>
                  </a> <!-- navigator-link  -->
                </li>
                <li>
                  <a href="#" panel-name="chronological-Failed_suite__opencartSuite_" class="navigator-link ">
                    <span>Chronological view</span>
                  </a> <!-- navigator-link  -->
                </li>
              </ul>
            </div> <!-- suite-section-content -->
            <div class="result-section">
              <div class="suite-section-title">
                <span>Results</span>
              </div> <!-- suite-section-title -->
              <div class="suite-section-content">
                <ul>
                  <li>
                    <span class="method-stats">12 methods, 9 failed,  3 skipped,  </span>
                  </li>
                  <li>
                    <span class="method-list-title failed">Failed methods</span>
                    <span class="show-or-hide-methods failed">
                      <a href="#" panel-name="suite-Failed_suite__opencartSuite_" class="hide-methods failed suite-Failed_suite__opencartSuite_"> (hide)</a> <!-- hide-methods failed suite-Failed_suite__opencartSuite_ -->
                      <a href="#" panel-name="suite-Failed_suite__opencartSuite_" class="show-methods failed suite-Failed_suite__opencartSuite_"> (show)</a> <!-- show-methods failed suite-Failed_suite__opencartSuite_ -->
                    </span>
                    <div class="method-list-content failed suite-Failed_suite__opencartSuite_">
                      <span>
                        <img src="failed.png" width="3%"/>
                        <a href="#" panel-name="suite-Failed_suite__opencartSuite_" title="com.qa.opencart.testcase.ProductDetailsPageTest" class="method navigator-link" hash-for-method="performProductMetadataTest">performProductMetadataTest</a> <!-- method navigator-link -->
                      </span>
                      <br/>
                      <span>
                        <img src="failed.png" width="3%"/>
                        <a href="#" panel-name="suite-Failed_suite__opencartSuite_" title="com.qa.opencart.testcase.MyAccountPageTest" class="method navigator-link" hash-for-method="performProductSearchTest(MacBook)">performProductSearchTest(MacBook)</a> <!-- method navigator-link -->
                      </span>
                      <br/>
                      <span>
                        <img src="failed.png" width="3%"/>
                        <a href="#" panel-name="suite-Failed_suite__opencartSuite_" title="com.qa.opencart.testcase.MyAccountPageTest" class="method navigator-link" hash-for-method="performProductSearchTest(Samsung)">performProductSearchTest(Samsung)</a> <!-- method navigator-link -->
                      </span>
                      <br/>
                      <span>
                        <img src="failed.png" width="3%"/>
                        <a href="#" panel-name="suite-Failed_suite__opencartSuite_" title="com.qa.opencart.testcase.MyAccountPageTest" class="method navigator-link" hash-for-method="performProductSearchTest(iMac)">performProductSearchTest(iMac)</a> <!-- method navigator-link -->
                      </span>
                      <br/>
                      <span>
                        <img src="failed.png" width="3%"/>
                        <a href="#" panel-name="suite-Failed_suite__opencartSuite_" title="com.qa.opencart.testcase.ProductDetailsPageTest" class="method navigator-link" hash-for-method="verifyProductImageTest(iMac, iMac, 3)">verifyProductImageTest(iMac, iMac, 3)</a> <!-- method navigator-link -->
                      </span>
                      <br/>
                      <span>
                        <img src="failed.png" width="3%"/>
                        <a href="#" panel-name="suite-Failed_suite__opencartSuite_" title="com.qa.opencart.testcase.ProductDetailsPageTest" class="method navigator-link" hash-for-method="verifyProductImageTest(Apple, Apple Cinema 30&quot;, 6)">verifyProductImageTest(Apple, Apple Cinema 30", 6)</a> <!-- method navigator-link -->
                      </span>
                      <br/>
                      <span>
                        <img src="failed.png" width="3%"/>
                        <a href="#" panel-name="suite-Failed_suite__opencartSuite_" title="com.qa.opencart.testcase.ProductDetailsPageTest" class="method navigator-link" hash-for-method="verifyProductImageTest(Macbook, MacBook Pro, 4)">verifyProductImageTest(Macbook, MacBook Pro, 4)</a> <!-- method navigator-link -->
                      </span>
                      <br/>
                      <span>
                        <img src="failed.png" width="3%"/>
                        <a href="#" panel-name="suite-Failed_suite__opencartSuite_" title="com.qa.opencart.testcase.ProductDetailsPageTest" class="method navigator-link" hash-for-method="verifyProductImageTest(Macbook, MacBook Air, 4)">verifyProductImageTest(Macbook, MacBook Air, 4)</a> <!-- method navigator-link -->
                      </span>
                      <br/>
                      <span>
                        <img src="failed.png" width="3%"/>
                        <a href="#" panel-name="suite-Failed_suite__opencartSuite_" title="com.qa.opencart.testcase.ProductDetailsPageTest" class="method navigator-link" hash-for-method="verifyProductImageTest(Samsung, Samsung SyncMaster 941BW, 1)">verifyProductImageTest(Samsung, Samsung SyncMaster 941BW, 1)</a> <!-- method navigator-link -->
                      </span>
                      <br/>
                    </div> <!-- method-list-content failed suite-Failed_suite__opencartSuite_ -->
                  </li>
                  <li>
                    <span class="method-list-title skipped">Skipped methods</span>
                    <span class="show-or-hide-methods skipped">
                      <a href="#" panel-name="suite-Failed_suite__opencartSuite_" class="hide-methods skipped suite-Failed_suite__opencartSuite_"> (hide)</a> <!-- hide-methods skipped suite-Failed_suite__opencartSuite_ -->
                      <a href="#" panel-name="suite-Failed_suite__opencartSuite_" class="show-methods skipped suite-Failed_suite__opencartSuite_"> (show)</a> <!-- show-methods skipped suite-Failed_suite__opencartSuite_ -->
                    </span>
                    <div class="method-list-content skipped suite-Failed_suite__opencartSuite_">
                      <span>
                        <img src="skipped.png" width="3%"/>
                        <a href="#" panel-name="suite-Failed_suite__opencartSuite_" title="com.qa.opencart.testcase.ProductDetailsPageTest" class="method navigator-link" hash-for-method="doLogout">doLogout</a> <!-- method navigator-link -->
                      </span>
                      <br/>
                      <span>
                        <img src="skipped.png" width="3%"/>
                        <a href="#" panel-name="suite-Failed_suite__opencartSuite_" title="com.qa.opencart.testcase.MyAccountPageTest" class="method navigator-link" hash-for-method="doLogout">doLogout</a> <!-- method navigator-link -->
                      </span>
                      <br/>
                      <span>
                        <img src="skipped.png" width="3%"/>
                        <a href="#" panel-name="suite-Failed_suite__opencartSuite_" title="com.qa.opencart.testcase.RegistrationPageTest" class="method navigator-link" hash-for-method="registerAccountWithExcelTest">registerAccountWithExcelTest</a> <!-- method navigator-link -->
                      </span>
                      <br/>
                    </div> <!-- method-list-content skipped suite-Failed_suite__opencartSuite_ -->
                  </li>
                </ul>
              </div> <!-- suite-section-content -->
            </div> <!-- result-section -->
          </div> <!-- navigator-suite-content -->
        </div> <!-- rounded-window -->
      </div> <!-- suite -->
    </div> <!-- navigator-root -->
    <div class="wrapper">
      <div class="main-panel-root">
        <div panel-name="suite-Failed_suite__opencartSuite_" class="panel Failed_suite__opencartSuite_">
          <div class="suite-Failed_suite__opencartSuite_-class-failed">
            <div class="main-panel-header rounded-window-top">
              <img src="failed.png"/>
              <span class="class-name">com.qa.opencart.testcase.ProductDetailsPageTest</span>
            </div> <!-- main-panel-header rounded-window-top -->
            <div class="main-panel-content rounded-window-bottom">
              <div class="method">
                <div class="method-content">
                  <a name="performProductMetadataTest">
                  </a> <!-- performProductMetadataTest -->
                  <span class="method-name">performProductMetadataTest</span>
                  <div class="stack-trace">java.lang.IllegalArgumentException: Input must be set
	at org.openqa.selenium.internal.Require.nonNull(Require.java:59)
	at org.openqa.selenium.support.ui.FluentWait.&lt;init&gt;(FluentWait.java:97)
	at org.openqa.selenium.support.ui.WebDriverWait.&lt;init&gt;(WebDriverWait.java:77)
	at org.openqa.selenium.support.ui.WebDriverWait.&lt;init&gt;(WebDriverWait.java:46)
	at com.qa.opencart.utils.WebDriverUtils.&lt;init&gt;(WebDriverUtils.java:59)
	at com.qa.opencart.pages.ResultsPage.&lt;init&gt;(ResultsPage.java:22)
	at com.qa.opencart.pages.MyAccountPage.doProductSearch(MyAccountPage.java:83)
	at com.qa.opencart.testcase.ProductDetailsPageTest.performProductMetadataTest(ProductDetailsPageTest.java:88)
	at java.base/java.util.ArrayList.forEach(ArrayList.java:1541)
... Removed 27 stack frames
</div> <!-- stack-trace -->
                  <em>
(TC_02_Perform product MetadataTest)                  </em>
                </div> <!-- method-content -->
              </div> <!-- method -->
              <div class="method">
                <div class="method-content">
                  <a name="verifyProductImageTest(iMac, iMac, 3)">
                  </a> <!-- verifyProductImageTest(iMac, iMac, 3) -->
                  <span class="method-name">verifyProductImageTest</span>
                  <span class="parameters">(iMac, iMac, 3)</span>
                  <div class="stack-trace">java.lang.IllegalArgumentException: Input must be set
	at org.openqa.selenium.internal.Require.nonNull(Require.java:59)
	at org.openqa.selenium.support.ui.FluentWait.&lt;init&gt;(FluentWait.java:97)
	at org.openqa.selenium.support.ui.WebDriverWait.&lt;init&gt;(WebDriverWait.java:77)
	at org.openqa.selenium.support.ui.WebDriverWait.&lt;init&gt;(WebDriverWait.java:46)
	at com.qa.opencart.utils.WebDriverUtils.&lt;init&gt;(WebDriverUtils.java:59)
	at com.qa.opencart.pages.ResultsPage.&lt;init&gt;(ResultsPage.java:22)
	at com.qa.opencart.pages.MyAccountPage.doProductSearch(MyAccountPage.java:83)
	at com.qa.opencart.testcase.ProductDetailsPageTest.verifyProductImageTest(ProductDetailsPageTest.java:74)
	at java.base/java.util.ArrayList.forEach(ArrayList.java:1541)
... Removed 27 stack frames
</div> <!-- stack-trace -->
                  <em>
(TC_01_Verifying the product images test)                  </em>
                </div> <!-- method-content -->
              </div> <!-- method -->
              <div class="method">
                <div class="method-content">
                  <a name="verifyProductImageTest(Apple, Apple Cinema 30&quot;, 6)">
                  </a> <!-- verifyProductImageTest(Apple, Apple Cinema 30", 6) -->
                  <span class="method-name">verifyProductImageTest</span>
                  <span class="parameters">(Apple, Apple Cinema 30", 6)</span>
                  <div class="stack-trace">java.lang.IllegalArgumentException: Input must be set
	at org.openqa.selenium.internal.Require.nonNull(Require.java:59)
	at org.openqa.selenium.support.ui.FluentWait.&lt;init&gt;(FluentWait.java:97)
	at org.openqa.selenium.support.ui.WebDriverWait.&lt;init&gt;(WebDriverWait.java:77)
	at org.openqa.selenium.support.ui.WebDriverWait.&lt;init&gt;(WebDriverWait.java:46)
	at com.qa.opencart.utils.WebDriverUtils.&lt;init&gt;(WebDriverUtils.java:59)
	at com.qa.opencart.pages.ResultsPage.&lt;init&gt;(ResultsPage.java:22)
	at com.qa.opencart.pages.MyAccountPage.doProductSearch(MyAccountPage.java:83)
	at com.qa.opencart.testcase.ProductDetailsPageTest.verifyProductImageTest(ProductDetailsPageTest.java:74)
	at java.base/java.util.ArrayList.forEach(ArrayList.java:1541)
... Removed 27 stack frames
</div> <!-- stack-trace -->
                  <em>
(TC_01_Verifying the product images test)                  </em>
                </div> <!-- method-content -->
              </div> <!-- method -->
              <div class="method">
                <div class="method-content">
                  <a name="verifyProductImageTest(Macbook, MacBook Pro, 4)">
                  </a> <!-- verifyProductImageTest(Macbook, MacBook Pro, 4) -->
                  <span class="method-name">verifyProductImageTest</span>
                  <span class="parameters">(Macbook, MacBook Pro, 4)</span>
                  <div class="stack-trace">java.lang.IllegalArgumentException: Input must be set
	at org.openqa.selenium.internal.Require.nonNull(Require.java:59)
	at org.openqa.selenium.support.ui.FluentWait.&lt;init&gt;(FluentWait.java:97)
	at org.openqa.selenium.support.ui.WebDriverWait.&lt;init&gt;(WebDriverWait.java:77)
	at org.openqa.selenium.support.ui.WebDriverWait.&lt;init&gt;(WebDriverWait.java:46)
	at com.qa.opencart.utils.WebDriverUtils.&lt;init&gt;(WebDriverUtils.java:59)
	at com.qa.opencart.pages.ResultsPage.&lt;init&gt;(ResultsPage.java:22)
	at com.qa.opencart.pages.MyAccountPage.doProductSearch(MyAccountPage.java:83)
	at com.qa.opencart.testcase.ProductDetailsPageTest.verifyProductImageTest(ProductDetailsPageTest.java:74)
	at java.base/java.util.ArrayList.forEach(ArrayList.java:1541)
... Removed 27 stack frames
</div> <!-- stack-trace -->
                  <em>
(TC_01_Verifying the product images test)                  </em>
                </div> <!-- method-content -->
              </div> <!-- method -->
              <div class="method">
                <div class="method-content">
                  <a name="verifyProductImageTest(Macbook, MacBook Air, 4)">
                  </a> <!-- verifyProductImageTest(Macbook, MacBook Air, 4) -->
                  <span class="method-name">verifyProductImageTest</span>
                  <span class="parameters">(Macbook, MacBook Air, 4)</span>
                  <div class="stack-trace">java.lang.IllegalArgumentException: Input must be set
	at org.openqa.selenium.internal.Require.nonNull(Require.java:59)
	at org.openqa.selenium.support.ui.FluentWait.&lt;init&gt;(FluentWait.java:97)
	at org.openqa.selenium.support.ui.WebDriverWait.&lt;init&gt;(WebDriverWait.java:77)
	at org.openqa.selenium.support.ui.WebDriverWait.&lt;init&gt;(WebDriverWait.java:46)
	at com.qa.opencart.utils.WebDriverUtils.&lt;init&gt;(WebDriverUtils.java:59)
	at com.qa.opencart.pages.ResultsPage.&lt;init&gt;(ResultsPage.java:22)
	at com.qa.opencart.pages.MyAccountPage.doProductSearch(MyAccountPage.java:83)
	at com.qa.opencart.testcase.ProductDetailsPageTest.verifyProductImageTest(ProductDetailsPageTest.java:74)
	at java.base/java.util.ArrayList.forEach(ArrayList.java:1541)
... Removed 27 stack frames
</div> <!-- stack-trace -->
                  <em>
(TC_01_Verifying the product images test)                  </em>
                </div> <!-- method-content -->
              </div> <!-- method -->
              <div class="method">
                <div class="method-content">
                  <a name="verifyProductImageTest(Samsung, Samsung SyncMaster 941BW, 1)">
                  </a> <!-- verifyProductImageTest(Samsung, Samsung SyncMaster 941BW, 1) -->
                  <span class="method-name">verifyProductImageTest</span>
                  <span class="parameters">(Samsung, Samsung SyncMaster 941BW, 1)</span>
                  <div class="stack-trace">java.lang.IllegalArgumentException: Input must be set
	at org.openqa.selenium.internal.Require.nonNull(Require.java:59)
	at org.openqa.selenium.support.ui.FluentWait.&lt;init&gt;(FluentWait.java:97)
	at org.openqa.selenium.support.ui.WebDriverWait.&lt;init&gt;(WebDriverWait.java:77)
	at org.openqa.selenium.support.ui.WebDriverWait.&lt;init&gt;(WebDriverWait.java:46)
	at com.qa.opencart.utils.WebDriverUtils.&lt;init&gt;(WebDriverUtils.java:59)
	at com.qa.opencart.pages.ResultsPage.&lt;init&gt;(ResultsPage.java:22)
	at com.qa.opencart.pages.MyAccountPage.doProductSearch(MyAccountPage.java:83)
	at com.qa.opencart.testcase.ProductDetailsPageTest.verifyProductImageTest(ProductDetailsPageTest.java:74)
	at java.base/java.util.ArrayList.forEach(ArrayList.java:1541)
... Removed 27 stack frames
</div> <!-- stack-trace -->
                  <em>
(TC_01_Verifying the product images test)                  </em>
                </div> <!-- method-content -->
              </div> <!-- method -->
            </div> <!-- main-panel-content rounded-window-bottom -->
          </div> <!-- suite-Failed_suite__opencartSuite_-class-failed -->
          <div class="suite-Failed_suite__opencartSuite_-class-failed">
            <div class="main-panel-header rounded-window-top">
              <img src="failed.png"/>
              <span class="class-name">com.qa.opencart.testcase.MyAccountPageTest</span>
            </div> <!-- main-panel-header rounded-window-top -->
            <div class="main-panel-content rounded-window-bottom">
              <div class="method">
                <div class="method-content">
                  <a name="performProductSearchTest(MacBook)">
                  </a> <!-- performProductSearchTest(MacBook) -->
                  <span class="method-name">performProductSearchTest</span>
                  <span class="parameters">(MacBook)</span>
                  <div class="stack-trace">java.lang.IllegalArgumentException: Input must be set
	at org.openqa.selenium.internal.Require.nonNull(Require.java:59)
	at org.openqa.selenium.support.ui.FluentWait.&lt;init&gt;(FluentWait.java:97)
	at org.openqa.selenium.support.ui.WebDriverWait.&lt;init&gt;(WebDriverWait.java:77)
	at org.openqa.selenium.support.ui.WebDriverWait.&lt;init&gt;(WebDriverWait.java:46)
	at com.qa.opencart.utils.WebDriverUtils.&lt;init&gt;(WebDriverUtils.java:59)
	at com.qa.opencart.pages.ResultsPage.&lt;init&gt;(ResultsPage.java:22)
	at com.qa.opencart.pages.MyAccountPage.doProductSearch(MyAccountPage.java:83)
	at com.qa.opencart.testcase.MyAccountPageTest.performProductSearchTest(MyAccountPageTest.java:106)
	at java.base/java.util.ArrayList.forEach(ArrayList.java:1541)
... Removed 27 stack frames
</div> <!-- stack-trace -->
                  <em>
(TC_07_Perform product search)                  </em>
                </div> <!-- method-content -->
              </div> <!-- method -->
              <div class="method">
                <div class="method-content">
                  <a name="performProductSearchTest(Samsung)">
                  </a> <!-- performProductSearchTest(Samsung) -->
                  <span class="method-name">performProductSearchTest</span>
                  <span class="parameters">(Samsung)</span>
                  <div class="stack-trace">java.lang.IllegalArgumentException: Input must be set
	at org.openqa.selenium.internal.Require.nonNull(Require.java:59)
	at org.openqa.selenium.support.ui.FluentWait.&lt;init&gt;(FluentWait.java:97)
	at org.openqa.selenium.support.ui.WebDriverWait.&lt;init&gt;(WebDriverWait.java:77)
	at org.openqa.selenium.support.ui.WebDriverWait.&lt;init&gt;(WebDriverWait.java:46)
	at com.qa.opencart.utils.WebDriverUtils.&lt;init&gt;(WebDriverUtils.java:59)
	at com.qa.opencart.pages.ResultsPage.&lt;init&gt;(ResultsPage.java:22)
	at com.qa.opencart.pages.MyAccountPage.doProductSearch(MyAccountPage.java:83)
	at com.qa.opencart.testcase.MyAccountPageTest.performProductSearchTest(MyAccountPageTest.java:106)
	at java.base/java.util.ArrayList.forEach(ArrayList.java:1541)
... Removed 27 stack frames
</div> <!-- stack-trace -->
                  <em>
(TC_07_Perform product search)                  </em>
                </div> <!-- method-content -->
              </div> <!-- method -->
              <div class="method">
                <div class="method-content">
                  <a name="performProductSearchTest(iMac)">
                  </a> <!-- performProductSearchTest(iMac) -->
                  <span class="method-name">performProductSearchTest</span>
                  <span class="parameters">(iMac)</span>
                  <div class="stack-trace">java.lang.IllegalArgumentException: Input must be set
	at org.openqa.selenium.internal.Require.nonNull(Require.java:59)
	at org.openqa.selenium.support.ui.FluentWait.&lt;init&gt;(FluentWait.java:97)
	at org.openqa.selenium.support.ui.WebDriverWait.&lt;init&gt;(WebDriverWait.java:77)
	at org.openqa.selenium.support.ui.WebDriverWait.&lt;init&gt;(WebDriverWait.java:46)
	at com.qa.opencart.utils.WebDriverUtils.&lt;init&gt;(WebDriverUtils.java:59)
	at com.qa.opencart.pages.ResultsPage.&lt;init&gt;(ResultsPage.java:22)
	at com.qa.opencart.pages.MyAccountPage.doProductSearch(MyAccountPage.java:83)
	at com.qa.opencart.testcase.MyAccountPageTest.performProductSearchTest(MyAccountPageTest.java:106)
	at java.base/java.util.ArrayList.forEach(ArrayList.java:1541)
... Removed 27 stack frames
</div> <!-- stack-trace -->
                  <em>
(TC_07_Perform product search)                  </em>
                </div> <!-- method-content -->
              </div> <!-- method -->
            </div> <!-- main-panel-content rounded-window-bottom -->
          </div> <!-- suite-Failed_suite__opencartSuite_-class-failed -->
          <div class="suite-Failed_suite__opencartSuite_-class-skipped">
            <div class="main-panel-header rounded-window-top">
              <img src="skipped.png"/>
              <span class="class-name">com.qa.opencart.testcase.ProductDetailsPageTest</span>
            </div> <!-- main-panel-header rounded-window-top -->
            <div class="main-panel-content rounded-window-bottom">
              <div class="method">
                <div class="method-content">
                  <a name="doLogout">
                  </a> <!-- doLogout -->
                  <span class="method-name">doLogout</span>
                  <div class="stack-trace">java.lang.Throwable: Method ProductDetailsPageTest.doLogout()[pri:0, instance:com.qa.opencart.testcase.ProductDetailsPageTest@3e83c18] depends on not successfully finished methods
	at java.base/java.util.ArrayList.forEach(ArrayList.java:1541)
... Removed 18 stack frames
</div> <!-- stack-trace -->
                </div> <!-- method-content -->
              </div> <!-- method -->
            </div> <!-- main-panel-content rounded-window-bottom -->
          </div> <!-- suite-Failed_suite__opencartSuite_-class-skipped -->
          <div class="suite-Failed_suite__opencartSuite_-class-skipped">
            <div class="main-panel-header rounded-window-top">
              <img src="skipped.png"/>
              <span class="class-name">com.qa.opencart.testcase.RegistrationPageTest</span>
            </div> <!-- main-panel-header rounded-window-top -->
            <div class="main-panel-content rounded-window-bottom">
              <div class="method">
                <div class="method-content">
                  <a name="registerAccountWithExcelTest">
                  </a> <!-- registerAccountWithExcelTest -->
                  <span class="method-name">registerAccountWithExcelTest</span>
                  <div class="stack-trace">java.lang.RuntimeException: java.lang.NullPointerException
	at java.base/java.util.ArrayList.forEach(ArrayList.java:1541)
Caused by: java.lang.NullPointerException
	at com.qa.opencart.utils.ExcelUtils.getTestData(ExcelUtils.java:46)
	at com.qa.opencart.testcase.RegistrationPageTest.excelData(RegistrationPageTest.java:138)
	... 25 more
... Removed 32 stack frames
</div> <!-- stack-trace -->
                  <em>
(TC_02_Register an account with excel data)                  </em>
                </div> <!-- method-content -->
              </div> <!-- method -->
            </div> <!-- main-panel-content rounded-window-bottom -->
          </div> <!-- suite-Failed_suite__opencartSuite_-class-skipped -->
          <div class="suite-Failed_suite__opencartSuite_-class-skipped">
            <div class="main-panel-header rounded-window-top">
              <img src="skipped.png"/>
              <span class="class-name">com.qa.opencart.testcase.MyAccountPageTest</span>
            </div> <!-- main-panel-header rounded-window-top -->
            <div class="main-panel-content rounded-window-bottom">
              <div class="method">
                <div class="method-content">
                  <a name="doLogout">
                  </a> <!-- doLogout -->
                  <span class="method-name">doLogout</span>
                  <div class="stack-trace">java.lang.Throwable: Method MyAccountPageTest.doLogout()[pri:0, instance:com.qa.opencart.testcase.MyAccountPageTest@340b7ef6] depends on not successfully finished methods
	at java.base/java.util.ArrayList.forEach(ArrayList.java:1541)
... Removed 18 stack frames
</div> <!-- stack-trace -->
                </div> <!-- method-content -->
              </div> <!-- method -->
            </div> <!-- main-panel-content rounded-window-bottom -->
          </div> <!-- suite-Failed_suite__opencartSuite_-class-skipped -->
        </div> <!-- panel Failed_suite__opencartSuite_ -->
        <div panel-name="test-xml-Failed_suite__opencartSuite_" class="panel">
          <div class="main-panel-header rounded-window-top">
            <span class="header-content">C:\eclipse-workspace\OpencartUiAutomation-May-18-2023\test-output\testng-failed.xml</span>
          </div> <!-- main-panel-header rounded-window-top -->
          <div class="main-panel-content rounded-window-bottom">
            <pre>
&lt;?xml version=&quot;1.0&quot; encoding=&quot;UTF-8&quot;?&gt;
&lt;!DOCTYPE suite SYSTEM &quot;https://testng.org/testng-1.0.dtd&quot;&gt;
&lt;suite name=&quot;Failed suite [opencartSuite]&quot; guice-stage=&quot;DEVELOPMENT&quot;&gt;
  &lt;listeners&gt;
    &lt;listener class-name=&quot;com.qa.opencart.listeners.ExtentReportListener&quot;/&gt;
    &lt;listener class-name=&quot;com.qa.opencart.listeners.TestAllureListener&quot;/&gt;
  &lt;/listeners&gt;
  &lt;test thread-count=&quot;5&quot; name=&quot;opencartTest(failed)&quot;&gt;
    &lt;classes&gt;
      &lt;class name=&quot;com.qa.opencart.testcase.MyAccountPageTest&quot;&gt;
        &lt;methods&gt;
          &lt;include name=&quot;beforeMethod&quot;/&gt;
          &lt;include name=&quot;doLogout&quot;/&gt;
          &lt;include name=&quot;commonTearDown&quot;/&gt;
          &lt;include name=&quot;beforeClass&quot;/&gt;
          &lt;include name=&quot;performProductSearchTest&quot; invocation-numbers=&quot;0 1 2&quot;/&gt;
          &lt;include name=&quot;commonSetUp&quot;/&gt;
        &lt;/methods&gt;
      &lt;/class&gt; &lt;!-- com.qa.opencart.testcase.MyAccountPageTest --&gt;
      &lt;class name=&quot;com.qa.opencart.testcase.RegistrationPageTest&quot;&gt;
        &lt;methods&gt;
          &lt;include name=&quot;registerAccountWithExcelTest&quot;/&gt;
          &lt;include name=&quot;commonTearDown&quot;/&gt;
          &lt;include name=&quot;beforeClass&quot;/&gt;
          &lt;include name=&quot;testDataSetup&quot;/&gt;
          &lt;include name=&quot;beforeMethod&quot;/&gt;
          &lt;include name=&quot;commonSetUp&quot;/&gt;
        &lt;/methods&gt;
      &lt;/class&gt; &lt;!-- com.qa.opencart.testcase.RegistrationPageTest --&gt;
      &lt;class name=&quot;com.qa.opencart.testcase.ProductDetailsPageTest&quot;&gt;
        &lt;methods&gt;
          &lt;include name=&quot;doLogout&quot;/&gt;
          &lt;include name=&quot;commonTearDown&quot;/&gt;
          &lt;include name=&quot;verifyProductImageTest&quot; invocation-numbers=&quot;0 1 2 3 4&quot;/&gt;
          &lt;include name=&quot;beforeClass&quot;/&gt;
          &lt;include name=&quot;performProductMetadataTest&quot;/&gt;
          &lt;include name=&quot;beforeMethod&quot;/&gt;
          &lt;include name=&quot;commonSetUp&quot;/&gt;
        &lt;/methods&gt;
      &lt;/class&gt; &lt;!-- com.qa.opencart.testcase.ProductDetailsPageTest --&gt;
    &lt;/classes&gt;
  &lt;/test&gt; &lt;!-- opencartTest(failed) --&gt;
&lt;/suite&gt; &lt;!-- Failed suite [opencartSuite] --&gt;
            </pre>
          </div> <!-- main-panel-content rounded-window-bottom -->
        </div> <!-- panel -->
        <div panel-name="testlist-Failed_suite__opencartSuite_" class="panel">
          <div class="main-panel-header rounded-window-top">
            <span class="header-content">Tests for Failed suite [opencartSuite]</span>
          </div> <!-- main-panel-header rounded-window-top -->
          <div class="main-panel-content rounded-window-bottom">
            <ul>
              <li>
                <span class="test-name">opencartTest(failed) (3 classes)</span>
              </li>
            </ul>
          </div> <!-- main-panel-content rounded-window-bottom -->
        </div> <!-- panel -->
        <div panel-name="group-Failed_suite__opencartSuite_" class="panel">
          <div class="main-panel-header rounded-window-top">
            <span class="header-content">Groups for Failed suite [opencartSuite]</span>
          </div> <!-- main-panel-header rounded-window-top -->
          <div class="main-panel-content rounded-window-bottom">
          </div> <!-- main-panel-content rounded-window-bottom -->
        </div> <!-- panel -->
        <div panel-name="times-Failed_suite__opencartSuite_" class="panel">
          <div class="main-panel-header rounded-window-top">
            <span class="header-content">Times for Failed suite [opencartSuite]</span>
          </div> <!-- main-panel-header rounded-window-top -->
          <div class="main-panel-content rounded-window-bottom">
            <div class="times-div">
              <script type="text/javascript">
suiteTableInitFunctions.push('tableData_Failed_suite__opencartSuite_');
function tableData_Failed_suite__opencartSuite_() {
var data = new google.visualization.DataTable();
data.addColumn('number', 'Number');
data.addColumn('string', 'Method');
data.addColumn('string', 'Class');
data.addColumn('number', 'Time (ms)');
data.addRows(12);
data.setCell(0, 0, 0)
data.setCell(0, 1, 'performProductSearchTest')
data.setCell(0, 2, 'com.qa.opencart.testcase.MyAccountPageTest')
data.setCell(0, 3, 5378);
data.setCell(1, 0, 1)
data.setCell(1, 1, 'verifyProductImageTest')
data.setCell(1, 2, 'com.qa.opencart.testcase.ProductDetailsPageTest')
data.setCell(1, 3, 5299);
data.setCell(2, 0, 2)
data.setCell(2, 1, 'verifyProductImageTest')
data.setCell(2, 2, 'com.qa.opencart.testcase.ProductDetailsPageTest')
data.setCell(2, 3, 5213);
data.setCell(3, 0, 3)
data.setCell(3, 1, 'performProductSearchTest')
data.setCell(3, 2, 'com.qa.opencart.testcase.MyAccountPageTest')
data.setCell(3, 3, 5196);
data.setCell(4, 0, 4)
data.setCell(4, 1, 'performProductSearchTest')
data.setCell(4, 2, 'com.qa.opencart.testcase.MyAccountPageTest')
data.setCell(4, 3, 5188);
data.setCell(5, 0, 5)
data.setCell(5, 1, 'performProductMetadataTest')
data.setCell(5, 2, 'com.qa.opencart.testcase.ProductDetailsPageTest')
data.setCell(5, 3, 5161);
data.setCell(6, 0, 6)
data.setCell(6, 1, 'verifyProductImageTest')
data.setCell(6, 2, 'com.qa.opencart.testcase.ProductDetailsPageTest')
data.setCell(6, 3, 5044);
data.setCell(7, 0, 7)
data.setCell(7, 1, 'verifyProductImageTest')
data.setCell(7, 2, 'com.qa.opencart.testcase.ProductDetailsPageTest')
data.setCell(7, 3, 5021);
data.setCell(8, 0, 8)
data.setCell(8, 1, 'verifyProductImageTest')
data.setCell(8, 2, 'com.qa.opencart.testcase.ProductDetailsPageTest')
data.setCell(8, 3, 5001);
data.setCell(9, 0, 9)
data.setCell(9, 1, 'doLogout')
data.setCell(9, 2, 'com.qa.opencart.testcase.ProductDetailsPageTest')
data.setCell(9, 3, 0);
data.setCell(10, 0, 10)
data.setCell(10, 1, 'doLogout')
data.setCell(10, 2, 'com.qa.opencart.testcase.MyAccountPageTest')
data.setCell(10, 3, 0);
data.setCell(11, 0, 11)
data.setCell(11, 1, 'registerAccountWithExcelTest')
data.setCell(11, 2, 'com.qa.opencart.testcase.RegistrationPageTest')
data.setCell(11, 3, 0);
window.suiteTableData['Failed_suite__opencartSuite_']= { tableData: data, tableDiv: 'times-div-Failed_suite__opencartSuite_'}
return data;
}
              </script>
              <span class="suite-total-time">Total running time: 46 seconds</span>
              <div id="times-div-Failed_suite__opencartSuite_">
              </div> <!-- times-div-Failed_suite__opencartSuite_ -->
            </div> <!-- times-div -->
          </div> <!-- main-panel-content rounded-window-bottom -->
        </div> <!-- panel -->
        <div panel-name="reporter-Failed_suite__opencartSuite_" class="panel">
          <div class="main-panel-header rounded-window-top">
            <span class="header-content">Reporter output for Failed suite [opencartSuite]</span>
          </div> <!-- main-panel-header rounded-window-top -->
          <div class="main-panel-content rounded-window-bottom">
          </div> <!-- main-panel-content rounded-window-bottom -->
        </div> <!-- panel -->
        <div panel-name="ignored-methods-Failed_suite__opencartSuite_" class="panel">
          <div class="main-panel-header rounded-window-top">
            <span class="header-content">7 ignored methods</span>
          </div> <!-- main-panel-header rounded-window-top -->
          <div class="main-panel-content rounded-window-bottom">
            <div class="ignored-class-div">
              <span class="ignored-class-name">com.qa.opencart.testcase.RegistrationPageTest</span>
              <div class="ignored-methods-div">
                <span class="ignored-method-name">registerAccountWithFakerTest</span>
                <br/>
              </div> <!-- ignored-methods-div -->
            </div> <!-- ignored-class-div -->
            <div class="ignored-class-div">
              <span class="ignored-class-name">com.qa.opencart.testcase.MyAccountPageTest</span>
              <div class="ignored-methods-div">
                <span class="ignored-method-name">verifyMyAccountPageTitleTest</span>
                <br/>
                <span class="ignored-method-name">verifyBrokenLinksTest</span>
                <br/>
                <span class="ignored-method-name">verifyMyAccountPageUrlTest</span>
                <br/>
                <span class="ignored-method-name">verifyMyAccountHeadersListTest</span>
                <br/>
                <span class="ignored-method-name">VerifyMyAccountMenuOptionsTest</span>
                <br/>
                <span class="ignored-method-name">verifyMyAccountPageElementsTest</span>
                <br/>
              </div> <!-- ignored-methods-div -->
            </div> <!-- ignored-class-div -->
          </div> <!-- main-panel-content rounded-window-bottom -->
        </div> <!-- panel -->
        <div panel-name="chronological-Failed_suite__opencartSuite_" class="panel">
          <div class="main-panel-header rounded-window-top">
            <span class="header-content">Methods in chronological order</span>
          </div> <!-- main-panel-header rounded-window-top -->
          <div class="main-panel-content rounded-window-bottom">
            <div class="chronological-class">
              <div class="chronological-class-name">com.qa.opencart.testcase.RegistrationPageTest</div> <!-- chronological-class-name -->
              <div class="configuration-test before">
                <span class="method-name">testDataSetup</span>
                <span class="method-start">0 ms</span>
              </div> <!-- configuration-test before -->
            </div> <!-- chronological-class -->
            <div class="chronological-class">
              <div class="chronological-class-name">com.qa.opencart.testcase.MyAccountPageTest</div> <!-- chronological-class-name -->
              <div class="configuration-class before">
                <span class="method-name">commonSetUp(chrome)</span>
                <span class="method-start">778 ms</span>
              </div> <!-- configuration-class before -->
              <div class="configuration-class before">
                <span class="method-name">beforeClass</span>
                <span class="method-start">6796 ms</span>
              </div> <!-- configuration-class before -->
              <div class="configuration-method before">
                <span class="method-name">beforeMethod</span>
                <span class="method-start">19307 ms</span>
              </div> <!-- configuration-method before -->
              <div class="test-method">
                <img src="failed.png">
                </img>
                <span class="method-name">performProductSearchTest(MacBook)</span>
                <span class="method-start">19340 ms</span>
              </div> <!-- test-method -->
              <div class="configuration-method before">
                <span class="method-name">beforeMethod</span>
                <span class="method-start">25153 ms</span>
              </div> <!-- configuration-method before -->
              <div class="test-method">
                <img src="failed.png">
                </img>
                <span class="method-name">performProductSearchTest(iMac)</span>
                <span class="method-start">25165 ms</span>
              </div> <!-- test-method -->
              <div class="configuration-method before">
                <span class="method-name">beforeMethod</span>
                <span class="method-start">30671 ms</span>
              </div> <!-- configuration-method before -->
              <div class="test-method">
                <img src="failed.png">
                </img>
                <span class="method-name">performProductSearchTest(Samsung)</span>
                <span class="method-start">30683 ms</span>
              </div> <!-- test-method -->
              <div class="test-method">
                <span class="method-name">doLogout</span>
                <span class="method-start">36261 ms</span>
              </div> <!-- test-method -->
              <div class="configuration-class after">
                <span class="method-name">commonTearDown</span>
                <span class="method-start">36431 ms</span>
              </div> <!-- configuration-class after -->
            </div> <!-- chronological-class -->
            <div class="chronological-class">
              <div class="chronological-class-name">com.qa.opencart.testcase.RegistrationPageTest</div> <!-- chronological-class-name -->
              <div class="configuration-class before">
                <span class="method-name">commonSetUp(chrome)</span>
                <span class="method-start">36632 ms</span>
              </div> <!-- configuration-class before -->
              <div class="configuration-class before">
                <span class="method-name">beforeClass</span>
                <span class="method-start">40937 ms</span>
              </div> <!-- configuration-class before -->
              <div class="configuration-class after">
                <span class="method-name">commonTearDown</span>
                <span class="method-start">41892 ms</span>
              </div> <!-- configuration-class after -->
            </div> <!-- chronological-class -->
            <div class="chronological-class">
              <div class="chronological-class-name">com.qa.opencart.testcase.ProductDetailsPageTest</div> <!-- chronological-class-name -->
              <div class="configuration-class before">
                <span class="method-name">commonSetUp(chrome)</span>
                <span class="method-start">42018 ms</span>
              </div> <!-- configuration-class before -->
              <div class="configuration-class before">
                <span class="method-name">beforeClass</span>
                <span class="method-start">46491 ms</span>
              </div> <!-- configuration-class before -->
              <div class="configuration-method before">
                <span class="method-name">beforeMethod</span>
                <span class="method-start">58569 ms</span>
              </div> <!-- configuration-method before -->
              <div class="test-method">
                <img src="failed.png">
                </img>
                <span class="method-name">verifyProductImageTest(Macbook, MacBook Pro, 4)</span>
                <span class="method-start">58584 ms</span>
              </div> <!-- test-method -->
              <div class="configuration-method before">
                <span class="method-name">beforeMethod</span>
                <span class="method-start">64049 ms</span>
              </div> <!-- configuration-method before -->
              <div class="test-method">
                <img src="failed.png">
                </img>
                <span class="method-name">verifyProductImageTest(Macbook, MacBook Air, 4)</span>
                <span class="method-start">64066 ms</span>
              </div> <!-- test-method -->
              <div class="configuration-method before">
                <span class="method-name">beforeMethod</span>
                <span class="method-start">69650 ms</span>
              </div> <!-- configuration-method before -->
              <div class="test-method">
                <img src="failed.png">
                </img>
                <span class="method-name">verifyProductImageTest(iMac, iMac, 3)</span>
                <span class="method-start">69680 ms</span>
              </div> <!-- test-method -->
              <div class="configuration-method before">
                <span class="method-name">beforeMethod</span>
                <span class="method-start">75360 ms</span>
              </div> <!-- configuration-method before -->
              <div class="test-method">
                <img src="failed.png">
                </img>
                <span class="method-name">verifyProductImageTest(Samsung, Samsung SyncMaster 941BW, 1)</span>
                <span class="method-start">75374 ms</span>
              </div> <!-- test-method -->
              <div class="configuration-method before">
                <span class="method-name">beforeMethod</span>
                <span class="method-start">81195 ms</span>
              </div> <!-- configuration-method before -->
              <div class="test-method">
                <img src="failed.png">
                </img>
                <span class="method-name">verifyProductImageTest(Apple, Apple Cinema 30", 6)</span>
                <span class="method-start">81209 ms</span>
              </div> <!-- test-method -->
              <div class="configuration-method before">
                <span class="method-name">beforeMethod</span>
                <span class="method-start">86674 ms</span>
              </div> <!-- configuration-method before -->
              <div class="test-method">
                <img src="failed.png">
                </img>
                <span class="method-name">performProductMetadataTest</span>
                <span class="method-start">86676 ms</span>
              </div> <!-- test-method -->
              <div class="test-method">
                <span class="method-name">doLogout</span>
                <span class="method-start">92398 ms</span>
              </div> <!-- test-method -->
              <div class="configuration-class after">
                <span class="method-name">commonTearDown</span>
                <span class="method-start">92679 ms</span>
              </div> <!-- configuration-class after -->
          </div> <!-- main-panel-content rounded-window-bottom -->
        </div> <!-- panel -->
      </div> <!-- main-panel-root -->
    </div> <!-- wrapper -->
  </body>
<script type="text/javascript" src="testng-reports2.js"></script>
</html>
