<?xml version="1.0" encoding="UTF-8"?>
<!-- Generated by org.testng.reporters.JUnitXMLReporter -->
<testsuite ignored="1" hostname="RameshCh" failures="9" tests="31" name="opencartTest" time="188.918" errors="0" timestamp="2023-06-06T18:05:45 MST">
  <testcase classname="com.qa.opencart.testcase.HomePageTest" name="verifyOpenCartLogoTest" time="0.054"/>
  <testcase classname="com.qa.opencart.testcase.HomePageTest" name="verifyOpenCartPageTitleTest" time="0.012"/>
  <testcase classname="com.qa.opencart.testcase.HomePageTest" name="verifyFeaturedCardsCountTest" time="0.023"/>
  <testcase classname="com.qa.opencart.testcase.HomePageTest" name="navigateToRegistrationPageTest" time="8.423"/>
  <testcase classname="com.qa.opencart.testcase.HomePageTest" name="navigateToLoginTest" time="7.307"/>
  <testcase classname="com.qa.opencart.testcase.LoginPageTest" name="verifyLoginPageUrlTest" time="0.034"/>
  <testcase classname="com.qa.opencart.testcase.LoginPageTest" name="verifyLoginPageTitleTest" time="0.016"/>
  <testcase classname="com.qa.opencart.testcase.LoginPageTest" name="verifyLoginPageElementsTest" time="0.239"/>
  <testcase classname="com.qa.opencart.testcase.LoginPageTest" name="navigateToRegistrationPageTest" time="3.398"/>
  <testcase classname="com.qa.opencart.testcase.LoginPageTest" name="navigateToForgotPasswordTest" time="2.871"/>
  <testcase classname="com.qa.opencart.testcase.LoginPageTest" name="emptyCredsLoginTest" time="7.3"/>
  <testcase classname="com.qa.opencart.testcase.LoginPageTest" name="happyPathLoginTest" time="7.388"/>
  <testcase classname="com.qa.opencart.testcase.LoginPageTest" name="doLogout" time="7.867"/>
  <testcase classname="com.qa.opencart.testcase.MyAccountPageTest" name="verifyMyAccountPageUrlTest" time="0.025"/>
  <testcase classname="com.qa.opencart.testcase.MyAccountPageTest" name="verifyMyAccountPageTitleTest" time="0.016"/>
  <testcase classname="com.qa.opencart.testcase.MyAccountPageTest" name="verifyMyAccountPageElementsTest" time="0.118"/>
  <testcase classname="com.qa.opencart.testcase.MyAccountPageTest" name="VerifyMyAccountMenuOptionsTest" time="2.259"/>
  <testcase classname="com.qa.opencart.testcase.MyAccountPageTest" name="verifyMyAccountHeadersListTest" time="2.206"/>
  <testcase classname="com.qa.opencart.testcase.MyAccountPageTest" name="verifyBrokenLinksTest" time="30.872"/>
  <testcase classname="com.qa.opencart.testcase.MyAccountPageTest" name="performProductSearchTest" time="5.14">
    <failure type="java.lang.IllegalArgumentException" message="Input must be set">
      <![CDATA[java.lang.IllegalArgumentException: Input must be set
at org.openqa.selenium.internal.Require.nonNull(Require.java:59)
at org.openqa.selenium.support.ui.FluentWait.<init>(FluentWait.java:97)
at org.openqa.selenium.support.ui.WebDriverWait.<init>(WebDriverWait.java:77)
at org.openqa.selenium.support.ui.WebDriverWait.<init>(WebDriverWait.java:46)
at com.qa.opencart.utils.WebDriverUtils.<init>(WebDriverUtils.java:59)
at com.qa.opencart.pages.ResultsPage.<init>(ResultsPage.java:21)
at com.qa.opencart.pages.MyAccountPage.doProductSearch(MyAccountPage.java:83)
at com.qa.opencart.testcase.MyAccountPageTest.performProductSearchTest(MyAccountPageTest.java:106)
at java.base/java.util.ArrayList.forEach(ArrayList.java:1541)
... Removed 27 stack frames]]>
    </failure>
  </testcase> <!-- performProductSearchTest -->
  <testcase classname="com.qa.opencart.testcase.MyAccountPageTest" name="performProductSearchTest" time="5.436">
    <failure type="java.lang.IllegalArgumentException" message="Input must be set">
      <![CDATA[java.lang.IllegalArgumentException: Input must be set
at org.openqa.selenium.internal.Require.nonNull(Require.java:59)
at org.openqa.selenium.support.ui.FluentWait.<init>(FluentWait.java:97)
at org.openqa.selenium.support.ui.WebDriverWait.<init>(WebDriverWait.java:77)
at org.openqa.selenium.support.ui.WebDriverWait.<init>(WebDriverWait.java:46)
at com.qa.opencart.utils.WebDriverUtils.<init>(WebDriverUtils.java:59)
at com.qa.opencart.pages.ResultsPage.<init>(ResultsPage.java:21)
at com.qa.opencart.pages.MyAccountPage.doProductSearch(MyAccountPage.java:83)
at com.qa.opencart.testcase.MyAccountPageTest.performProductSearchTest(MyAccountPageTest.java:106)
at java.base/java.util.ArrayList.forEach(ArrayList.java:1541)
... Removed 27 stack frames]]>
    </failure>
  </testcase> <!-- performProductSearchTest -->
  <testcase classname="com.qa.opencart.testcase.MyAccountPageTest" name="performProductSearchTest" time="5.284">
    <failure type="java.lang.IllegalArgumentException" message="Input must be set">
      <![CDATA[java.lang.IllegalArgumentException: Input must be set
at org.openqa.selenium.internal.Require.nonNull(Require.java:59)
at org.openqa.selenium.support.ui.FluentWait.<init>(FluentWait.java:97)
at org.openqa.selenium.support.ui.WebDriverWait.<init>(WebDriverWait.java:77)
at org.openqa.selenium.support.ui.WebDriverWait.<init>(WebDriverWait.java:46)
at com.qa.opencart.utils.WebDriverUtils.<init>(WebDriverUtils.java:59)
at com.qa.opencart.pages.ResultsPage.<init>(ResultsPage.java:21)
at com.qa.opencart.pages.MyAccountPage.doProductSearch(MyAccountPage.java:83)
at com.qa.opencart.testcase.MyAccountPageTest.performProductSearchTest(MyAccountPageTest.java:106)
at java.base/java.util.ArrayList.forEach(ArrayList.java:1541)
... Removed 27 stack frames]]>
    </failure>
  </testcase> <!-- performProductSearchTest -->
  <testcase classname="com.qa.opencart.testcase.MyAccountPageTest" name="doLogout" time="0.0">
    <skipped/>
  </testcase> <!-- doLogout -->
  <testcase classname="com.qa.opencart.testcase.RegistrationPageTest" name="registerAccountWithExcelTest" time="0.0">
    <skipped/>
  </testcase> <!-- registerAccountWithExcelTest -->
  <testcase classname="com.qa.opencart.testcase.ProductDetailsPageTest" name="verifyProductImageTest" time="4.894">
    <failure type="java.lang.IllegalArgumentException" message="Input must be set">
      <![CDATA[java.lang.IllegalArgumentException: Input must be set
at org.openqa.selenium.internal.Require.nonNull(Require.java:59)
at org.openqa.selenium.support.ui.FluentWait.<init>(FluentWait.java:97)
at org.openqa.selenium.support.ui.WebDriverWait.<init>(WebDriverWait.java:77)
at org.openqa.selenium.support.ui.WebDriverWait.<init>(WebDriverWait.java:46)
at com.qa.opencart.utils.WebDriverUtils.<init>(WebDriverUtils.java:59)
at com.qa.opencart.pages.ResultsPage.<init>(ResultsPage.java:21)
at com.qa.opencart.pages.MyAccountPage.doProductSearch(MyAccountPage.java:83)
at com.qa.opencart.testcase.ProductDetailsPageTest.verifyProductImageTest(ProductDetailsPageTest.java:74)
at java.base/java.util.ArrayList.forEach(ArrayList.java:1541)
... Removed 27 stack frames]]>
    </failure>
  </testcase> <!-- verifyProductImageTest -->
  <testcase classname="com.qa.opencart.testcase.ProductDetailsPageTest" name="verifyProductImageTest" time="4.627">
    <failure type="java.lang.IllegalArgumentException" message="Input must be set">
      <![CDATA[java.lang.IllegalArgumentException: Input must be set
at org.openqa.selenium.internal.Require.nonNull(Require.java:59)
at org.openqa.selenium.support.ui.FluentWait.<init>(FluentWait.java:97)
at org.openqa.selenium.support.ui.WebDriverWait.<init>(WebDriverWait.java:77)
at org.openqa.selenium.support.ui.WebDriverWait.<init>(WebDriverWait.java:46)
at com.qa.opencart.utils.WebDriverUtils.<init>(WebDriverUtils.java:59)
at com.qa.opencart.pages.ResultsPage.<init>(ResultsPage.java:21)
at com.qa.opencart.pages.MyAccountPage.doProductSearch(MyAccountPage.java:83)
at com.qa.opencart.testcase.ProductDetailsPageTest.verifyProductImageTest(ProductDetailsPageTest.java:74)
at java.base/java.util.ArrayList.forEach(ArrayList.java:1541)
... Removed 27 stack frames]]>
    </failure>
  </testcase> <!-- verifyProductImageTest -->
  <testcase classname="com.qa.opencart.testcase.ProductDetailsPageTest" name="verifyProductImageTest" time="4.774">
    <failure type="java.lang.IllegalArgumentException" message="Input must be set">
      <![CDATA[java.lang.IllegalArgumentException: Input must be set
at org.openqa.selenium.internal.Require.nonNull(Require.java:59)
at org.openqa.selenium.support.ui.FluentWait.<init>(FluentWait.java:97)
at org.openqa.selenium.support.ui.WebDriverWait.<init>(WebDriverWait.java:77)
at org.openqa.selenium.support.ui.WebDriverWait.<init>(WebDriverWait.java:46)
at com.qa.opencart.utils.WebDriverUtils.<init>(WebDriverUtils.java:59)
at com.qa.opencart.pages.ResultsPage.<init>(ResultsPage.java:21)
at com.qa.opencart.pages.MyAccountPage.doProductSearch(MyAccountPage.java:83)
at com.qa.opencart.testcase.ProductDetailsPageTest.verifyProductImageTest(ProductDetailsPageTest.java:74)
at java.base/java.util.ArrayList.forEach(ArrayList.java:1541)
... Removed 27 stack frames]]>
    </failure>
  </testcase> <!-- verifyProductImageTest -->
  <testcase classname="com.qa.opencart.testcase.ProductDetailsPageTest" name="verifyProductImageTest" time="4.793">
    <failure type="java.lang.IllegalArgumentException" message="Input must be set">
      <![CDATA[java.lang.IllegalArgumentException: Input must be set
at org.openqa.selenium.internal.Require.nonNull(Require.java:59)
at org.openqa.selenium.support.ui.FluentWait.<init>(FluentWait.java:97)
at org.openqa.selenium.support.ui.WebDriverWait.<init>(WebDriverWait.java:77)
at org.openqa.selenium.support.ui.WebDriverWait.<init>(WebDriverWait.java:46)
at com.qa.opencart.utils.WebDriverUtils.<init>(WebDriverUtils.java:59)
at com.qa.opencart.pages.ResultsPage.<init>(ResultsPage.java:21)
at com.qa.opencart.pages.MyAccountPage.doProductSearch(MyAccountPage.java:83)
at com.qa.opencart.testcase.ProductDetailsPageTest.verifyProductImageTest(ProductDetailsPageTest.java:74)
at java.base/java.util.ArrayList.forEach(ArrayList.java:1541)
... Removed 27 stack frames]]>
    </failure>
  </testcase> <!-- verifyProductImageTest -->
  <testcase classname="com.qa.opencart.testcase.ProductDetailsPageTest" name="verifyProductImageTest" time="4.766">
    <failure type="java.lang.IllegalArgumentException" message="Input must be set">
      <![CDATA[java.lang.IllegalArgumentException: Input must be set
at org.openqa.selenium.internal.Require.nonNull(Require.java:59)
at org.openqa.selenium.support.ui.FluentWait.<init>(FluentWait.java:97)
at org.openqa.selenium.support.ui.WebDriverWait.<init>(WebDriverWait.java:77)
at org.openqa.selenium.support.ui.WebDriverWait.<init>(WebDriverWait.java:46)
at com.qa.opencart.utils.WebDriverUtils.<init>(WebDriverUtils.java:59)
at com.qa.opencart.pages.ResultsPage.<init>(ResultsPage.java:21)
at com.qa.opencart.pages.MyAccountPage.doProductSearch(MyAccountPage.java:83)
at com.qa.opencart.testcase.ProductDetailsPageTest.verifyProductImageTest(ProductDetailsPageTest.java:74)
at java.base/java.util.ArrayList.forEach(ArrayList.java:1541)
... Removed 27 stack frames]]>
    </failure>
  </testcase> <!-- verifyProductImageTest -->
  <testcase classname="com.qa.opencart.testcase.ProductDetailsPageTest" name="performProductMetadataTest" time="4.865">
    <failure type="java.lang.IllegalArgumentException" message="Input must be set">
      <![CDATA[java.lang.IllegalArgumentException: Input must be set
at org.openqa.selenium.internal.Require.nonNull(Require.java:59)
at org.openqa.selenium.support.ui.FluentWait.<init>(FluentWait.java:97)
at org.openqa.selenium.support.ui.WebDriverWait.<init>(WebDriverWait.java:77)
at org.openqa.selenium.support.ui.WebDriverWait.<init>(WebDriverWait.java:46)
at com.qa.opencart.utils.WebDriverUtils.<init>(WebDriverUtils.java:59)
at com.qa.opencart.pages.ResultsPage.<init>(ResultsPage.java:21)
at com.qa.opencart.pages.MyAccountPage.doProductSearch(MyAccountPage.java:83)
at com.qa.opencart.testcase.ProductDetailsPageTest.performProductMetadataTest(ProductDetailsPageTest.java:88)
at java.base/java.util.ArrayList.forEach(ArrayList.java:1541)
... Removed 27 stack frames]]>
    </failure>
  </testcase> <!-- performProductMetadataTest -->
  <testcase classname="com.qa.opencart.testcase.ProductDetailsPageTest" name="doLogout" time="0.0">
    <skipped/>
  </testcase> <!-- doLogout -->
  <testcase classname="com.qa.opencart.testcase.RegistrationPageTest" name="registerAccountWithFakerTest" time="0.0">
    <ignored/>
  </testcase> <!-- registerAccountWithFakerTest -->
</testsuite> <!-- opencartTest -->
