<html>
<head>
<title>TestNG:  opencartTest</title>
<link href="../testng.css" rel="stylesheet" type="text/css" />
<link href="../my-testng.css" rel="stylesheet" type="text/css" />

<style type="text/css">
.log { display: none;} 
.stack-trace { display: none;} 
</style>
<script type="text/javascript">
<!--
function flip(e) {
  current = e.style.display;
  if (current == 'block') {
    e.style.display = 'none';
    return 0;
  }
  else {
    e.style.display = 'block';
    return 1;
  }
}

function toggleBox(szDivId, elem, msg1, msg2)
{
  var res = -1;  if (document.getElementById) {
    res = flip(document.getElementById(szDivId));
  }
  else if (document.all) {
    // this is the way old msie versions work
    res = flip(document.all[szDivId]);
  }
  if(elem) {
    if(res == 0) elem.innerHTML = msg1; else elem.innerHTML = msg2;
  }

}

function toggleAllBoxes() {
  if (document.getElementsByTagName) {
    d = document.getElementsByTagName('div');
    for (i = 0; i < d.length; i++) {
      if (d[i].className == 'log') {
        flip(d[i]);
      }
    }
  }
}

// -->
</script>

</head>
<body>
<h2 align='center'>opencartTest</h2><table border='1' align="center">
<tr>
<td>Tests passed/Failed/Skipped:</td><td>19/9/3</td>
</tr><tr>
<td>Started on:</td><td>Tue Jun 06 18:02:36 MST 2023</td>
</tr>
<tr><td>Total time:</td><td>188 seconds (188918 ms)</td>
</tr><tr>
<td>Included groups:</td><td></td>
</tr><tr>
<td>Excluded groups:</td><td></td>
</tr>
</table><p/>
<small><i>(Hover the method name to see the test class name)</i></small><p/>
<table width='100%' border='1' class='invocation-failed'>
<tr><td colspan='4' align='center'><b>FAILED TESTS</b></td></tr>
<tr><td><b>Test method</b></td>
<td width="30%"><b>Exception</b></td>
<td width="10%"><b>Time (seconds)</b></td>
<td><b>Instance</b></td>
</tr>
<tr>
<td title='com.qa.opencart.testcase.ProductDetailsPageTest.verifyProductImageTest()'><b>verifyProductImageTest</b><br>Test class: com.qa.opencart.testcase.ProductDetailsPageTest<br>Test method: TC_01_Verifying the product images test<br>Parameters: Samsung, Samsung SyncMaster 941BW, 1</td>
<td><div><pre>java.lang.IllegalArgumentException: Input must be set
	at org.openqa.selenium.internal.Require.nonNull(Require.java:59)
	at org.openqa.selenium.support.ui.FluentWait.&lt;init&gt;(FluentWait.java:97)
	at org.openqa.selenium.support.ui.WebDriverWait.&lt;init&gt;(WebDriverWait.java:77)
	at org.openqa.selenium.support.ui.WebDriverWait.&lt;init&gt;(WebDriverWait.java:46)
	at com.qa.opencart.utils.WebDriverUtils.&lt;init&gt;(WebDriverUtils.java:59)
	at com.qa.opencart.pages.ResultsPage.&lt;init&gt;(ResultsPage.java:21)
	at com.qa.opencart.pages.MyAccountPage.doProductSearch(MyAccountPage.java:83)
	at com.qa.opencart.testcase.ProductDetailsPageTest.verifyProductImageTest(ProductDetailsPageTest.java:74)
	at java.base/java.util.ArrayList.forEach(ArrayList.java:1541)
... Removed 27 stack frames</pre></div><a href='#' onClick='toggleBox("stack-trace1110058618", this, "Click to show all stack frames", "Click to hide stack frames")'>Click to show all stack frames</a>
<div class='stack-trace' id='stack-trace1110058618'><pre>java.lang.IllegalArgumentException: Input must be set
	at org.openqa.selenium.internal.Require.nonNull(Require.java:59)
	at org.openqa.selenium.support.ui.FluentWait.&lt;init&gt;(FluentWait.java:97)
	at org.openqa.selenium.support.ui.WebDriverWait.&lt;init&gt;(WebDriverWait.java:77)
	at org.openqa.selenium.support.ui.WebDriverWait.&lt;init&gt;(WebDriverWait.java:46)
	at com.qa.opencart.utils.WebDriverUtils.&lt;init&gt;(WebDriverUtils.java:59)
	at com.qa.opencart.pages.ResultsPage.&lt;init&gt;(ResultsPage.java:21)
	at com.qa.opencart.pages.MyAccountPage.doProductSearch(MyAccountPage.java:83)
	at com.qa.opencart.testcase.ProductDetailsPageTest.verifyProductImageTest(ProductDetailsPageTest.java:74)
	at java.base/jdk.internal.reflect.NativeMethodAccessorImpl.invoke0(Native Method)
	at java.base/jdk.internal.reflect.NativeMethodAccessorImpl.invoke(NativeMethodAccessorImpl.java:62)
	at java.base/jdk.internal.reflect.DelegatingMethodAccessorImpl.invoke(DelegatingMethodAccessorImpl.java:43)
	at java.base/java.lang.reflect.Method.invoke(Method.java:566)
	at org.testng.internal.MethodInvocationHelper.invokeMethod(MethodInvocationHelper.java:133)
	at org.testng.internal.TestInvoker.invokeMethod(TestInvoker.java:598)
	at org.testng.internal.TestInvoker.invokeTestMethod(TestInvoker.java:173)
	at org.testng.internal.MethodRunner.runInSequence(MethodRunner.java:46)
	at org.testng.internal.TestInvoker$MethodInvocationAgent.invoke(TestInvoker.java:824)
	at org.testng.internal.TestInvoker.invokeTestMethods(TestInvoker.java:146)
	at org.testng.internal.TestMethodWorker.invokeTestMethods(TestMethodWorker.java:146)
	at org.testng.internal.TestMethodWorker.run(TestMethodWorker.java:128)
	at java.base/java.util.ArrayList.forEach(ArrayList.java:1541)
	at org.testng.TestRunner.privateRun(TestRunner.java:794)
	at org.testng.TestRunner.run(TestRunner.java:596)
	at org.testng.SuiteRunner.runTest(SuiteRunner.java:377)
	at org.testng.SuiteRunner.runSequentially(SuiteRunner.java:371)
	at org.testng.SuiteRunner.privateRun(SuiteRunner.java:332)
	at org.testng.SuiteRunner.run(SuiteRunner.java:276)
	at org.testng.SuiteRunnerWorker.runSuite(SuiteRunnerWorker.java:53)
	at org.testng.SuiteRunnerWorker.run(SuiteRunnerWorker.java:96)
	at org.testng.TestNG.runSuitesSequentially(TestNG.java:1212)
	at org.testng.TestNG.runSuitesLocally(TestNG.java:1134)
	at org.testng.TestNG.runSuites(TestNG.java:1063)
	at org.testng.TestNG.run(TestNG.java:1031)
	at org.testng.remote.AbstractRemoteTestNG.run(AbstractRemoteTestNG.java:115)
	at org.testng.remote.RemoteTestNG.initAndRun(RemoteTestNG.java:251)
	at org.testng.remote.RemoteTestNG.main(RemoteTestNG.java:77)
</pre></div></td>
<td>4</td>
<td>com.qa.opencart.testcase.ProductDetailsPageTest@d1a10ac</td></tr>
<tr>
<td title='com.qa.opencart.testcase.ProductDetailsPageTest.performProductMetadataTest()'><b>performProductMetadataTest</b><br>Test class: com.qa.opencart.testcase.ProductDetailsPageTest<br>Test method: TC_02_Perform product MetadataTest</td>
<td><div><pre>java.lang.IllegalArgumentException: Input must be set
	at org.openqa.selenium.internal.Require.nonNull(Require.java:59)
	at org.openqa.selenium.support.ui.FluentWait.&lt;init&gt;(FluentWait.java:97)
	at org.openqa.selenium.support.ui.WebDriverWait.&lt;init&gt;(WebDriverWait.java:77)
	at org.openqa.selenium.support.ui.WebDriverWait.&lt;init&gt;(WebDriverWait.java:46)
	at com.qa.opencart.utils.WebDriverUtils.&lt;init&gt;(WebDriverUtils.java:59)
	at com.qa.opencart.pages.ResultsPage.&lt;init&gt;(ResultsPage.java:21)
	at com.qa.opencart.pages.MyAccountPage.doProductSearch(MyAccountPage.java:83)
	at com.qa.opencart.testcase.ProductDetailsPageTest.performProductMetadataTest(ProductDetailsPageTest.java:88)
	at java.base/java.util.ArrayList.forEach(ArrayList.java:1541)
... Removed 27 stack frames</pre></div><a href='#' onClick='toggleBox("stack-trace383230534", this, "Click to show all stack frames", "Click to hide stack frames")'>Click to show all stack frames</a>
<div class='stack-trace' id='stack-trace383230534'><pre>java.lang.IllegalArgumentException: Input must be set
	at org.openqa.selenium.internal.Require.nonNull(Require.java:59)
	at org.openqa.selenium.support.ui.FluentWait.&lt;init&gt;(FluentWait.java:97)
	at org.openqa.selenium.support.ui.WebDriverWait.&lt;init&gt;(WebDriverWait.java:77)
	at org.openqa.selenium.support.ui.WebDriverWait.&lt;init&gt;(WebDriverWait.java:46)
	at com.qa.opencart.utils.WebDriverUtils.&lt;init&gt;(WebDriverUtils.java:59)
	at com.qa.opencart.pages.ResultsPage.&lt;init&gt;(ResultsPage.java:21)
	at com.qa.opencart.pages.MyAccountPage.doProductSearch(MyAccountPage.java:83)
	at com.qa.opencart.testcase.ProductDetailsPageTest.performProductMetadataTest(ProductDetailsPageTest.java:88)
	at java.base/jdk.internal.reflect.NativeMethodAccessorImpl.invoke0(Native Method)
	at java.base/jdk.internal.reflect.NativeMethodAccessorImpl.invoke(NativeMethodAccessorImpl.java:62)
	at java.base/jdk.internal.reflect.DelegatingMethodAccessorImpl.invoke(DelegatingMethodAccessorImpl.java:43)
	at java.base/java.lang.reflect.Method.invoke(Method.java:566)
	at org.testng.internal.MethodInvocationHelper.invokeMethod(MethodInvocationHelper.java:133)
	at org.testng.internal.TestInvoker.invokeMethod(TestInvoker.java:598)
	at org.testng.internal.TestInvoker.invokeTestMethod(TestInvoker.java:173)
	at org.testng.internal.MethodRunner.runInSequence(MethodRunner.java:46)
	at org.testng.internal.TestInvoker$MethodInvocationAgent.invoke(TestInvoker.java:824)
	at org.testng.internal.TestInvoker.invokeTestMethods(TestInvoker.java:146)
	at org.testng.internal.TestMethodWorker.invokeTestMethods(TestMethodWorker.java:146)
	at org.testng.internal.TestMethodWorker.run(TestMethodWorker.java:128)
	at java.base/java.util.ArrayList.forEach(ArrayList.java:1541)
	at org.testng.TestRunner.privateRun(TestRunner.java:794)
	at org.testng.TestRunner.run(TestRunner.java:596)
	at org.testng.SuiteRunner.runTest(SuiteRunner.java:377)
	at org.testng.SuiteRunner.runSequentially(SuiteRunner.java:371)
	at org.testng.SuiteRunner.privateRun(SuiteRunner.java:332)
	at org.testng.SuiteRunner.run(SuiteRunner.java:276)
	at org.testng.SuiteRunnerWorker.runSuite(SuiteRunnerWorker.java:53)
	at org.testng.SuiteRunnerWorker.run(SuiteRunnerWorker.java:96)
	at org.testng.TestNG.runSuitesSequentially(TestNG.java:1212)
	at org.testng.TestNG.runSuitesLocally(TestNG.java:1134)
	at org.testng.TestNG.runSuites(TestNG.java:1063)
	at org.testng.TestNG.run(TestNG.java:1031)
	at org.testng.remote.AbstractRemoteTestNG.run(AbstractRemoteTestNG.java:115)
	at org.testng.remote.RemoteTestNG.initAndRun(RemoteTestNG.java:251)
	at org.testng.remote.RemoteTestNG.main(RemoteTestNG.java:77)
</pre></div></td>
<td>4</td>
<td>com.qa.opencart.testcase.ProductDetailsPageTest@d1a10ac</td></tr>
<tr>
<td title='com.qa.opencart.testcase.MyAccountPageTest.performProductSearchTest()'><b>performProductSearchTest</b><br>Test class: com.qa.opencart.testcase.MyAccountPageTest<br>Test method: TC_07_Perform product search<br>Parameters: iMac</td>
<td><div><pre>java.lang.IllegalArgumentException: Input must be set
	at org.openqa.selenium.internal.Require.nonNull(Require.java:59)
	at org.openqa.selenium.support.ui.FluentWait.&lt;init&gt;(FluentWait.java:97)
	at org.openqa.selenium.support.ui.WebDriverWait.&lt;init&gt;(WebDriverWait.java:77)
	at org.openqa.selenium.support.ui.WebDriverWait.&lt;init&gt;(WebDriverWait.java:46)
	at com.qa.opencart.utils.WebDriverUtils.&lt;init&gt;(WebDriverUtils.java:59)
	at com.qa.opencart.pages.ResultsPage.&lt;init&gt;(ResultsPage.java:21)
	at com.qa.opencart.pages.MyAccountPage.doProductSearch(MyAccountPage.java:83)
	at com.qa.opencart.testcase.MyAccountPageTest.performProductSearchTest(MyAccountPageTest.java:106)
	at java.base/java.util.ArrayList.forEach(ArrayList.java:1541)
... Removed 27 stack frames</pre></div><a href='#' onClick='toggleBox("stack-trace1653716868", this, "Click to show all stack frames", "Click to hide stack frames")'>Click to show all stack frames</a>
<div class='stack-trace' id='stack-trace1653716868'><pre>java.lang.IllegalArgumentException: Input must be set
	at org.openqa.selenium.internal.Require.nonNull(Require.java:59)
	at org.openqa.selenium.support.ui.FluentWait.&lt;init&gt;(FluentWait.java:97)
	at org.openqa.selenium.support.ui.WebDriverWait.&lt;init&gt;(WebDriverWait.java:77)
	at org.openqa.selenium.support.ui.WebDriverWait.&lt;init&gt;(WebDriverWait.java:46)
	at com.qa.opencart.utils.WebDriverUtils.&lt;init&gt;(WebDriverUtils.java:59)
	at com.qa.opencart.pages.ResultsPage.&lt;init&gt;(ResultsPage.java:21)
	at com.qa.opencart.pages.MyAccountPage.doProductSearch(MyAccountPage.java:83)
	at com.qa.opencart.testcase.MyAccountPageTest.performProductSearchTest(MyAccountPageTest.java:106)
	at java.base/jdk.internal.reflect.NativeMethodAccessorImpl.invoke0(Native Method)
	at java.base/jdk.internal.reflect.NativeMethodAccessorImpl.invoke(NativeMethodAccessorImpl.java:62)
	at java.base/jdk.internal.reflect.DelegatingMethodAccessorImpl.invoke(DelegatingMethodAccessorImpl.java:43)
	at java.base/java.lang.reflect.Method.invoke(Method.java:566)
	at org.testng.internal.MethodInvocationHelper.invokeMethod(MethodInvocationHelper.java:133)
	at org.testng.internal.TestInvoker.invokeMethod(TestInvoker.java:598)
	at org.testng.internal.TestInvoker.invokeTestMethod(TestInvoker.java:173)
	at org.testng.internal.MethodRunner.runInSequence(MethodRunner.java:46)
	at org.testng.internal.TestInvoker$MethodInvocationAgent.invoke(TestInvoker.java:824)
	at org.testng.internal.TestInvoker.invokeTestMethods(TestInvoker.java:146)
	at org.testng.internal.TestMethodWorker.invokeTestMethods(TestMethodWorker.java:146)
	at org.testng.internal.TestMethodWorker.run(TestMethodWorker.java:128)
	at java.base/java.util.ArrayList.forEach(ArrayList.java:1541)
	at org.testng.TestRunner.privateRun(TestRunner.java:794)
	at org.testng.TestRunner.run(TestRunner.java:596)
	at org.testng.SuiteRunner.runTest(SuiteRunner.java:377)
	at org.testng.SuiteRunner.runSequentially(SuiteRunner.java:371)
	at org.testng.SuiteRunner.privateRun(SuiteRunner.java:332)
	at org.testng.SuiteRunner.run(SuiteRunner.java:276)
	at org.testng.SuiteRunnerWorker.runSuite(SuiteRunnerWorker.java:53)
	at org.testng.SuiteRunnerWorker.run(SuiteRunnerWorker.java:96)
	at org.testng.TestNG.runSuitesSequentially(TestNG.java:1212)
	at org.testng.TestNG.runSuitesLocally(TestNG.java:1134)
	at org.testng.TestNG.runSuites(TestNG.java:1063)
	at org.testng.TestNG.run(TestNG.java:1031)
	at org.testng.remote.AbstractRemoteTestNG.run(AbstractRemoteTestNG.java:115)
	at org.testng.remote.RemoteTestNG.initAndRun(RemoteTestNG.java:251)
	at org.testng.remote.RemoteTestNG.main(RemoteTestNG.java:77)
</pre></div></td>
<td>5</td>
<td>com.qa.opencart.testcase.MyAccountPageTest@41aaedaa</td></tr>
<tr>
<td title='com.qa.opencart.testcase.MyAccountPageTest.performProductSearchTest()'><b>performProductSearchTest</b><br>Test class: com.qa.opencart.testcase.MyAccountPageTest<br>Test method: TC_07_Perform product search<br>Parameters: Samsung</td>
<td><div><pre>java.lang.IllegalArgumentException: Input must be set
	at org.openqa.selenium.internal.Require.nonNull(Require.java:59)
	at org.openqa.selenium.support.ui.FluentWait.&lt;init&gt;(FluentWait.java:97)
	at org.openqa.selenium.support.ui.WebDriverWait.&lt;init&gt;(WebDriverWait.java:77)
	at org.openqa.selenium.support.ui.WebDriverWait.&lt;init&gt;(WebDriverWait.java:46)
	at com.qa.opencart.utils.WebDriverUtils.&lt;init&gt;(WebDriverUtils.java:59)
	at com.qa.opencart.pages.ResultsPage.&lt;init&gt;(ResultsPage.java:21)
	at com.qa.opencart.pages.MyAccountPage.doProductSearch(MyAccountPage.java:83)
	at com.qa.opencart.testcase.MyAccountPageTest.performProductSearchTest(MyAccountPageTest.java:106)
	at java.base/java.util.ArrayList.forEach(ArrayList.java:1541)
... Removed 27 stack frames</pre></div><a href='#' onClick='toggleBox("stack-trace984495672", this, "Click to show all stack frames", "Click to hide stack frames")'>Click to show all stack frames</a>
<div class='stack-trace' id='stack-trace984495672'><pre>java.lang.IllegalArgumentException: Input must be set
	at org.openqa.selenium.internal.Require.nonNull(Require.java:59)
	at org.openqa.selenium.support.ui.FluentWait.&lt;init&gt;(FluentWait.java:97)
	at org.openqa.selenium.support.ui.WebDriverWait.&lt;init&gt;(WebDriverWait.java:77)
	at org.openqa.selenium.support.ui.WebDriverWait.&lt;init&gt;(WebDriverWait.java:46)
	at com.qa.opencart.utils.WebDriverUtils.&lt;init&gt;(WebDriverUtils.java:59)
	at com.qa.opencart.pages.ResultsPage.&lt;init&gt;(ResultsPage.java:21)
	at com.qa.opencart.pages.MyAccountPage.doProductSearch(MyAccountPage.java:83)
	at com.qa.opencart.testcase.MyAccountPageTest.performProductSearchTest(MyAccountPageTest.java:106)
	at java.base/jdk.internal.reflect.NativeMethodAccessorImpl.invoke0(Native Method)
	at java.base/jdk.internal.reflect.NativeMethodAccessorImpl.invoke(NativeMethodAccessorImpl.java:62)
	at java.base/jdk.internal.reflect.DelegatingMethodAccessorImpl.invoke(DelegatingMethodAccessorImpl.java:43)
	at java.base/java.lang.reflect.Method.invoke(Method.java:566)
	at org.testng.internal.MethodInvocationHelper.invokeMethod(MethodInvocationHelper.java:133)
	at org.testng.internal.TestInvoker.invokeMethod(TestInvoker.java:598)
	at org.testng.internal.TestInvoker.invokeTestMethod(TestInvoker.java:173)
	at org.testng.internal.MethodRunner.runInSequence(MethodRunner.java:46)
	at org.testng.internal.TestInvoker$MethodInvocationAgent.invoke(TestInvoker.java:824)
	at org.testng.internal.TestInvoker.invokeTestMethods(TestInvoker.java:146)
	at org.testng.internal.TestMethodWorker.invokeTestMethods(TestMethodWorker.java:146)
	at org.testng.internal.TestMethodWorker.run(TestMethodWorker.java:128)
	at java.base/java.util.ArrayList.forEach(ArrayList.java:1541)
	at org.testng.TestRunner.privateRun(TestRunner.java:794)
	at org.testng.TestRunner.run(TestRunner.java:596)
	at org.testng.SuiteRunner.runTest(SuiteRunner.java:377)
	at org.testng.SuiteRunner.runSequentially(SuiteRunner.java:371)
	at org.testng.SuiteRunner.privateRun(SuiteRunner.java:332)
	at org.testng.SuiteRunner.run(SuiteRunner.java:276)
	at org.testng.SuiteRunnerWorker.runSuite(SuiteRunnerWorker.java:53)
	at org.testng.SuiteRunnerWorker.run(SuiteRunnerWorker.java:96)
	at org.testng.TestNG.runSuitesSequentially(TestNG.java:1212)
	at org.testng.TestNG.runSuitesLocally(TestNG.java:1134)
	at org.testng.TestNG.runSuites(TestNG.java:1063)
	at org.testng.TestNG.run(TestNG.java:1031)
	at org.testng.remote.AbstractRemoteTestNG.run(AbstractRemoteTestNG.java:115)
	at org.testng.remote.RemoteTestNG.initAndRun(RemoteTestNG.java:251)
	at org.testng.remote.RemoteTestNG.main(RemoteTestNG.java:77)
</pre></div></td>
<td>5</td>
<td>com.qa.opencart.testcase.MyAccountPageTest@41aaedaa</td></tr>
<tr>
<td title='com.qa.opencart.testcase.ProductDetailsPageTest.verifyProductImageTest()'><b>verifyProductImageTest</b><br>Test class: com.qa.opencart.testcase.ProductDetailsPageTest<br>Test method: TC_01_Verifying the product images test<br>Parameters: Apple, Apple Cinema 30", 6</td>
<td><div><pre>java.lang.IllegalArgumentException: Input must be set
	at org.openqa.selenium.internal.Require.nonNull(Require.java:59)
	at org.openqa.selenium.support.ui.FluentWait.&lt;init&gt;(FluentWait.java:97)
	at org.openqa.selenium.support.ui.WebDriverWait.&lt;init&gt;(WebDriverWait.java:77)
	at org.openqa.selenium.support.ui.WebDriverWait.&lt;init&gt;(WebDriverWait.java:46)
	at com.qa.opencart.utils.WebDriverUtils.&lt;init&gt;(WebDriverUtils.java:59)
	at com.qa.opencart.pages.ResultsPage.&lt;init&gt;(ResultsPage.java:21)
	at com.qa.opencart.pages.MyAccountPage.doProductSearch(MyAccountPage.java:83)
	at com.qa.opencart.testcase.ProductDetailsPageTest.verifyProductImageTest(ProductDetailsPageTest.java:74)
	at java.base/java.util.ArrayList.forEach(ArrayList.java:1541)
... Removed 27 stack frames</pre></div><a href='#' onClick='toggleBox("stack-trace1878725245", this, "Click to show all stack frames", "Click to hide stack frames")'>Click to show all stack frames</a>
<div class='stack-trace' id='stack-trace1878725245'><pre>java.lang.IllegalArgumentException: Input must be set
	at org.openqa.selenium.internal.Require.nonNull(Require.java:59)
	at org.openqa.selenium.support.ui.FluentWait.&lt;init&gt;(FluentWait.java:97)
	at org.openqa.selenium.support.ui.WebDriverWait.&lt;init&gt;(WebDriverWait.java:77)
	at org.openqa.selenium.support.ui.WebDriverWait.&lt;init&gt;(WebDriverWait.java:46)
	at com.qa.opencart.utils.WebDriverUtils.&lt;init&gt;(WebDriverUtils.java:59)
	at com.qa.opencart.pages.ResultsPage.&lt;init&gt;(ResultsPage.java:21)
	at com.qa.opencart.pages.MyAccountPage.doProductSearch(MyAccountPage.java:83)
	at com.qa.opencart.testcase.ProductDetailsPageTest.verifyProductImageTest(ProductDetailsPageTest.java:74)
	at java.base/jdk.internal.reflect.NativeMethodAccessorImpl.invoke0(Native Method)
	at java.base/jdk.internal.reflect.NativeMethodAccessorImpl.invoke(NativeMethodAccessorImpl.java:62)
	at java.base/jdk.internal.reflect.DelegatingMethodAccessorImpl.invoke(DelegatingMethodAccessorImpl.java:43)
	at java.base/java.lang.reflect.Method.invoke(Method.java:566)
	at org.testng.internal.MethodInvocationHelper.invokeMethod(MethodInvocationHelper.java:133)
	at org.testng.internal.TestInvoker.invokeMethod(TestInvoker.java:598)
	at org.testng.internal.TestInvoker.invokeTestMethod(TestInvoker.java:173)
	at org.testng.internal.MethodRunner.runInSequence(MethodRunner.java:46)
	at org.testng.internal.TestInvoker$MethodInvocationAgent.invoke(TestInvoker.java:824)
	at org.testng.internal.TestInvoker.invokeTestMethods(TestInvoker.java:146)
	at org.testng.internal.TestMethodWorker.invokeTestMethods(TestMethodWorker.java:146)
	at org.testng.internal.TestMethodWorker.run(TestMethodWorker.java:128)
	at java.base/java.util.ArrayList.forEach(ArrayList.java:1541)
	at org.testng.TestRunner.privateRun(TestRunner.java:794)
	at org.testng.TestRunner.run(TestRunner.java:596)
	at org.testng.SuiteRunner.runTest(SuiteRunner.java:377)
	at org.testng.SuiteRunner.runSequentially(SuiteRunner.java:371)
	at org.testng.SuiteRunner.privateRun(SuiteRunner.java:332)
	at org.testng.SuiteRunner.run(SuiteRunner.java:276)
	at org.testng.SuiteRunnerWorker.runSuite(SuiteRunnerWorker.java:53)
	at org.testng.SuiteRunnerWorker.run(SuiteRunnerWorker.java:96)
	at org.testng.TestNG.runSuitesSequentially(TestNG.java:1212)
	at org.testng.TestNG.runSuitesLocally(TestNG.java:1134)
	at org.testng.TestNG.runSuites(TestNG.java:1063)
	at org.testng.TestNG.run(TestNG.java:1031)
	at org.testng.remote.AbstractRemoteTestNG.run(AbstractRemoteTestNG.java:115)
	at org.testng.remote.RemoteTestNG.initAndRun(RemoteTestNG.java:251)
	at org.testng.remote.RemoteTestNG.main(RemoteTestNG.java:77)
</pre></div></td>
<td>4</td>
<td>com.qa.opencart.testcase.ProductDetailsPageTest@d1a10ac</td></tr>
<tr>
<td title='com.qa.opencart.testcase.ProductDetailsPageTest.verifyProductImageTest()'><b>verifyProductImageTest</b><br>Test class: com.qa.opencart.testcase.ProductDetailsPageTest<br>Test method: TC_01_Verifying the product images test<br>Parameters: Macbook, MacBook Pro, 4</td>
<td><div><pre>java.lang.IllegalArgumentException: Input must be set
	at org.openqa.selenium.internal.Require.nonNull(Require.java:59)
	at org.openqa.selenium.support.ui.FluentWait.&lt;init&gt;(FluentWait.java:97)
	at org.openqa.selenium.support.ui.WebDriverWait.&lt;init&gt;(WebDriverWait.java:77)
	at org.openqa.selenium.support.ui.WebDriverWait.&lt;init&gt;(WebDriverWait.java:46)
	at com.qa.opencart.utils.WebDriverUtils.&lt;init&gt;(WebDriverUtils.java:59)
	at com.qa.opencart.pages.ResultsPage.&lt;init&gt;(ResultsPage.java:21)
	at com.qa.opencart.pages.MyAccountPage.doProductSearch(MyAccountPage.java:83)
	at com.qa.opencart.testcase.ProductDetailsPageTest.verifyProductImageTest(ProductDetailsPageTest.java:74)
	at java.base/java.util.ArrayList.forEach(ArrayList.java:1541)
... Removed 27 stack frames</pre></div><a href='#' onClick='toggleBox("stack-trace1367679148", this, "Click to show all stack frames", "Click to hide stack frames")'>Click to show all stack frames</a>
<div class='stack-trace' id='stack-trace1367679148'><pre>java.lang.IllegalArgumentException: Input must be set
	at org.openqa.selenium.internal.Require.nonNull(Require.java:59)
	at org.openqa.selenium.support.ui.FluentWait.&lt;init&gt;(FluentWait.java:97)
	at org.openqa.selenium.support.ui.WebDriverWait.&lt;init&gt;(WebDriverWait.java:77)
	at org.openqa.selenium.support.ui.WebDriverWait.&lt;init&gt;(WebDriverWait.java:46)
	at com.qa.opencart.utils.WebDriverUtils.&lt;init&gt;(WebDriverUtils.java:59)
	at com.qa.opencart.pages.ResultsPage.&lt;init&gt;(ResultsPage.java:21)
	at com.qa.opencart.pages.MyAccountPage.doProductSearch(MyAccountPage.java:83)
	at com.qa.opencart.testcase.ProductDetailsPageTest.verifyProductImageTest(ProductDetailsPageTest.java:74)
	at java.base/jdk.internal.reflect.NativeMethodAccessorImpl.invoke0(Native Method)
	at java.base/jdk.internal.reflect.NativeMethodAccessorImpl.invoke(NativeMethodAccessorImpl.java:62)
	at java.base/jdk.internal.reflect.DelegatingMethodAccessorImpl.invoke(DelegatingMethodAccessorImpl.java:43)
	at java.base/java.lang.reflect.Method.invoke(Method.java:566)
	at org.testng.internal.MethodInvocationHelper.invokeMethod(MethodInvocationHelper.java:133)
	at org.testng.internal.TestInvoker.invokeMethod(TestInvoker.java:598)
	at org.testng.internal.TestInvoker.invokeTestMethod(TestInvoker.java:173)
	at org.testng.internal.MethodRunner.runInSequence(MethodRunner.java:46)
	at org.testng.internal.TestInvoker$MethodInvocationAgent.invoke(TestInvoker.java:824)
	at org.testng.internal.TestInvoker.invokeTestMethods(TestInvoker.java:146)
	at org.testng.internal.TestMethodWorker.invokeTestMethods(TestMethodWorker.java:146)
	at org.testng.internal.TestMethodWorker.run(TestMethodWorker.java:128)
	at java.base/java.util.ArrayList.forEach(ArrayList.java:1541)
	at org.testng.TestRunner.privateRun(TestRunner.java:794)
	at org.testng.TestRunner.run(TestRunner.java:596)
	at org.testng.SuiteRunner.runTest(SuiteRunner.java:377)
	at org.testng.SuiteRunner.runSequentially(SuiteRunner.java:371)
	at org.testng.SuiteRunner.privateRun(SuiteRunner.java:332)
	at org.testng.SuiteRunner.run(SuiteRunner.java:276)
	at org.testng.SuiteRunnerWorker.runSuite(SuiteRunnerWorker.java:53)
	at org.testng.SuiteRunnerWorker.run(SuiteRunnerWorker.java:96)
	at org.testng.TestNG.runSuitesSequentially(TestNG.java:1212)
	at org.testng.TestNG.runSuitesLocally(TestNG.java:1134)
	at org.testng.TestNG.runSuites(TestNG.java:1063)
	at org.testng.TestNG.run(TestNG.java:1031)
	at org.testng.remote.AbstractRemoteTestNG.run(AbstractRemoteTestNG.java:115)
	at org.testng.remote.RemoteTestNG.initAndRun(RemoteTestNG.java:251)
	at org.testng.remote.RemoteTestNG.main(RemoteTestNG.java:77)
</pre></div></td>
<td>4</td>
<td>com.qa.opencart.testcase.ProductDetailsPageTest@d1a10ac</td></tr>
<tr>
<td title='com.qa.opencart.testcase.ProductDetailsPageTest.verifyProductImageTest()'><b>verifyProductImageTest</b><br>Test class: com.qa.opencart.testcase.ProductDetailsPageTest<br>Test method: TC_01_Verifying the product images test<br>Parameters: Macbook, MacBook Air, 4</td>
<td><div><pre>java.lang.IllegalArgumentException: Input must be set
	at org.openqa.selenium.internal.Require.nonNull(Require.java:59)
	at org.openqa.selenium.support.ui.FluentWait.&lt;init&gt;(FluentWait.java:97)
	at org.openqa.selenium.support.ui.WebDriverWait.&lt;init&gt;(WebDriverWait.java:77)
	at org.openqa.selenium.support.ui.WebDriverWait.&lt;init&gt;(WebDriverWait.java:46)
	at com.qa.opencart.utils.WebDriverUtils.&lt;init&gt;(WebDriverUtils.java:59)
	at com.qa.opencart.pages.ResultsPage.&lt;init&gt;(ResultsPage.java:21)
	at com.qa.opencart.pages.MyAccountPage.doProductSearch(MyAccountPage.java:83)
	at com.qa.opencart.testcase.ProductDetailsPageTest.verifyProductImageTest(ProductDetailsPageTest.java:74)
	at java.base/java.util.ArrayList.forEach(ArrayList.java:1541)
... Removed 27 stack frames</pre></div><a href='#' onClick='toggleBox("stack-trace557069453", this, "Click to show all stack frames", "Click to hide stack frames")'>Click to show all stack frames</a>
<div class='stack-trace' id='stack-trace557069453'><pre>java.lang.IllegalArgumentException: Input must be set
	at org.openqa.selenium.internal.Require.nonNull(Require.java:59)
	at org.openqa.selenium.support.ui.FluentWait.&lt;init&gt;(FluentWait.java:97)
	at org.openqa.selenium.support.ui.WebDriverWait.&lt;init&gt;(WebDriverWait.java:77)
	at org.openqa.selenium.support.ui.WebDriverWait.&lt;init&gt;(WebDriverWait.java:46)
	at com.qa.opencart.utils.WebDriverUtils.&lt;init&gt;(WebDriverUtils.java:59)
	at com.qa.opencart.pages.ResultsPage.&lt;init&gt;(ResultsPage.java:21)
	at com.qa.opencart.pages.MyAccountPage.doProductSearch(MyAccountPage.java:83)
	at com.qa.opencart.testcase.ProductDetailsPageTest.verifyProductImageTest(ProductDetailsPageTest.java:74)
	at java.base/jdk.internal.reflect.NativeMethodAccessorImpl.invoke0(Native Method)
	at java.base/jdk.internal.reflect.NativeMethodAccessorImpl.invoke(NativeMethodAccessorImpl.java:62)
	at java.base/jdk.internal.reflect.DelegatingMethodAccessorImpl.invoke(DelegatingMethodAccessorImpl.java:43)
	at java.base/java.lang.reflect.Method.invoke(Method.java:566)
	at org.testng.internal.MethodInvocationHelper.invokeMethod(MethodInvocationHelper.java:133)
	at org.testng.internal.TestInvoker.invokeMethod(TestInvoker.java:598)
	at org.testng.internal.TestInvoker.invokeTestMethod(TestInvoker.java:173)
	at org.testng.internal.MethodRunner.runInSequence(MethodRunner.java:46)
	at org.testng.internal.TestInvoker$MethodInvocationAgent.invoke(TestInvoker.java:824)
	at org.testng.internal.TestInvoker.invokeTestMethods(TestInvoker.java:146)
	at org.testng.internal.TestMethodWorker.invokeTestMethods(TestMethodWorker.java:146)
	at org.testng.internal.TestMethodWorker.run(TestMethodWorker.java:128)
	at java.base/java.util.ArrayList.forEach(ArrayList.java:1541)
	at org.testng.TestRunner.privateRun(TestRunner.java:794)
	at org.testng.TestRunner.run(TestRunner.java:596)
	at org.testng.SuiteRunner.runTest(SuiteRunner.java:377)
	at org.testng.SuiteRunner.runSequentially(SuiteRunner.java:371)
	at org.testng.SuiteRunner.privateRun(SuiteRunner.java:332)
	at org.testng.SuiteRunner.run(SuiteRunner.java:276)
	at org.testng.SuiteRunnerWorker.runSuite(SuiteRunnerWorker.java:53)
	at org.testng.SuiteRunnerWorker.run(SuiteRunnerWorker.java:96)
	at org.testng.TestNG.runSuitesSequentially(TestNG.java:1212)
	at org.testng.TestNG.runSuitesLocally(TestNG.java:1134)
	at org.testng.TestNG.runSuites(TestNG.java:1063)
	at org.testng.TestNG.run(TestNG.java:1031)
	at org.testng.remote.AbstractRemoteTestNG.run(AbstractRemoteTestNG.java:115)
	at org.testng.remote.RemoteTestNG.initAndRun(RemoteTestNG.java:251)
	at org.testng.remote.RemoteTestNG.main(RemoteTestNG.java:77)
</pre></div></td>
<td>4</td>
<td>com.qa.opencart.testcase.ProductDetailsPageTest@d1a10ac</td></tr>
<tr>
<td title='com.qa.opencart.testcase.MyAccountPageTest.performProductSearchTest()'><b>performProductSearchTest</b><br>Test class: com.qa.opencart.testcase.MyAccountPageTest<br>Test method: TC_07_Perform product search<br>Parameters: MacBook</td>
<td><div><pre>java.lang.IllegalArgumentException: Input must be set
	at org.openqa.selenium.internal.Require.nonNull(Require.java:59)
	at org.openqa.selenium.support.ui.FluentWait.&lt;init&gt;(FluentWait.java:97)
	at org.openqa.selenium.support.ui.WebDriverWait.&lt;init&gt;(WebDriverWait.java:77)
	at org.openqa.selenium.support.ui.WebDriverWait.&lt;init&gt;(WebDriverWait.java:46)
	at com.qa.opencart.utils.WebDriverUtils.&lt;init&gt;(WebDriverUtils.java:59)
	at com.qa.opencart.pages.ResultsPage.&lt;init&gt;(ResultsPage.java:21)
	at com.qa.opencart.pages.MyAccountPage.doProductSearch(MyAccountPage.java:83)
	at com.qa.opencart.testcase.MyAccountPageTest.performProductSearchTest(MyAccountPageTest.java:106)
	at java.base/java.util.ArrayList.forEach(ArrayList.java:1541)
... Removed 27 stack frames</pre></div><a href='#' onClick='toggleBox("stack-trace879030073", this, "Click to show all stack frames", "Click to hide stack frames")'>Click to show all stack frames</a>
<div class='stack-trace' id='stack-trace879030073'><pre>java.lang.IllegalArgumentException: Input must be set
	at org.openqa.selenium.internal.Require.nonNull(Require.java:59)
	at org.openqa.selenium.support.ui.FluentWait.&lt;init&gt;(FluentWait.java:97)
	at org.openqa.selenium.support.ui.WebDriverWait.&lt;init&gt;(WebDriverWait.java:77)
	at org.openqa.selenium.support.ui.WebDriverWait.&lt;init&gt;(WebDriverWait.java:46)
	at com.qa.opencart.utils.WebDriverUtils.&lt;init&gt;(WebDriverUtils.java:59)
	at com.qa.opencart.pages.ResultsPage.&lt;init&gt;(ResultsPage.java:21)
	at com.qa.opencart.pages.MyAccountPage.doProductSearch(MyAccountPage.java:83)
	at com.qa.opencart.testcase.MyAccountPageTest.performProductSearchTest(MyAccountPageTest.java:106)
	at java.base/jdk.internal.reflect.NativeMethodAccessorImpl.invoke0(Native Method)
	at java.base/jdk.internal.reflect.NativeMethodAccessorImpl.invoke(NativeMethodAccessorImpl.java:62)
	at java.base/jdk.internal.reflect.DelegatingMethodAccessorImpl.invoke(DelegatingMethodAccessorImpl.java:43)
	at java.base/java.lang.reflect.Method.invoke(Method.java:566)
	at org.testng.internal.MethodInvocationHelper.invokeMethod(MethodInvocationHelper.java:133)
	at org.testng.internal.TestInvoker.invokeMethod(TestInvoker.java:598)
	at org.testng.internal.TestInvoker.invokeTestMethod(TestInvoker.java:173)
	at org.testng.internal.MethodRunner.runInSequence(MethodRunner.java:46)
	at org.testng.internal.TestInvoker$MethodInvocationAgent.invoke(TestInvoker.java:824)
	at org.testng.internal.TestInvoker.invokeTestMethods(TestInvoker.java:146)
	at org.testng.internal.TestMethodWorker.invokeTestMethods(TestMethodWorker.java:146)
	at org.testng.internal.TestMethodWorker.run(TestMethodWorker.java:128)
	at java.base/java.util.ArrayList.forEach(ArrayList.java:1541)
	at org.testng.TestRunner.privateRun(TestRunner.java:794)
	at org.testng.TestRunner.run(TestRunner.java:596)
	at org.testng.SuiteRunner.runTest(SuiteRunner.java:377)
	at org.testng.SuiteRunner.runSequentially(SuiteRunner.java:371)
	at org.testng.SuiteRunner.privateRun(SuiteRunner.java:332)
	at org.testng.SuiteRunner.run(SuiteRunner.java:276)
	at org.testng.SuiteRunnerWorker.runSuite(SuiteRunnerWorker.java:53)
	at org.testng.SuiteRunnerWorker.run(SuiteRunnerWorker.java:96)
	at org.testng.TestNG.runSuitesSequentially(TestNG.java:1212)
	at org.testng.TestNG.runSuitesLocally(TestNG.java:1134)
	at org.testng.TestNG.runSuites(TestNG.java:1063)
	at org.testng.TestNG.run(TestNG.java:1031)
	at org.testng.remote.AbstractRemoteTestNG.run(AbstractRemoteTestNG.java:115)
	at org.testng.remote.RemoteTestNG.initAndRun(RemoteTestNG.java:251)
	at org.testng.remote.RemoteTestNG.main(RemoteTestNG.java:77)
</pre></div></td>
<td>5</td>
<td>com.qa.opencart.testcase.MyAccountPageTest@41aaedaa</td></tr>
<tr>
<td title='com.qa.opencart.testcase.ProductDetailsPageTest.verifyProductImageTest()'><b>verifyProductImageTest</b><br>Test class: com.qa.opencart.testcase.ProductDetailsPageTest<br>Test method: TC_01_Verifying the product images test<br>Parameters: iMac, iMac, 3</td>
<td><div><pre>java.lang.IllegalArgumentException: Input must be set
	at org.openqa.selenium.internal.Require.nonNull(Require.java:59)
	at org.openqa.selenium.support.ui.FluentWait.&lt;init&gt;(FluentWait.java:97)
	at org.openqa.selenium.support.ui.WebDriverWait.&lt;init&gt;(WebDriverWait.java:77)
	at org.openqa.selenium.support.ui.WebDriverWait.&lt;init&gt;(WebDriverWait.java:46)
	at com.qa.opencart.utils.WebDriverUtils.&lt;init&gt;(WebDriverUtils.java:59)
	at com.qa.opencart.pages.ResultsPage.&lt;init&gt;(ResultsPage.java:21)
	at com.qa.opencart.pages.MyAccountPage.doProductSearch(MyAccountPage.java:83)
	at com.qa.opencart.testcase.ProductDetailsPageTest.verifyProductImageTest(ProductDetailsPageTest.java:74)
	at java.base/java.util.ArrayList.forEach(ArrayList.java:1541)
... Removed 27 stack frames</pre></div><a href='#' onClick='toggleBox("stack-trace847714266", this, "Click to show all stack frames", "Click to hide stack frames")'>Click to show all stack frames</a>
<div class='stack-trace' id='stack-trace847714266'><pre>java.lang.IllegalArgumentException: Input must be set
	at org.openqa.selenium.internal.Require.nonNull(Require.java:59)
	at org.openqa.selenium.support.ui.FluentWait.&lt;init&gt;(FluentWait.java:97)
	at org.openqa.selenium.support.ui.WebDriverWait.&lt;init&gt;(WebDriverWait.java:77)
	at org.openqa.selenium.support.ui.WebDriverWait.&lt;init&gt;(WebDriverWait.java:46)
	at com.qa.opencart.utils.WebDriverUtils.&lt;init&gt;(WebDriverUtils.java:59)
	at com.qa.opencart.pages.ResultsPage.&lt;init&gt;(ResultsPage.java:21)
	at com.qa.opencart.pages.MyAccountPage.doProductSearch(MyAccountPage.java:83)
	at com.qa.opencart.testcase.ProductDetailsPageTest.verifyProductImageTest(ProductDetailsPageTest.java:74)
	at java.base/jdk.internal.reflect.NativeMethodAccessorImpl.invoke0(Native Method)
	at java.base/jdk.internal.reflect.NativeMethodAccessorImpl.invoke(NativeMethodAccessorImpl.java:62)
	at java.base/jdk.internal.reflect.DelegatingMethodAccessorImpl.invoke(DelegatingMethodAccessorImpl.java:43)
	at java.base/java.lang.reflect.Method.invoke(Method.java:566)
	at org.testng.internal.MethodInvocationHelper.invokeMethod(MethodInvocationHelper.java:133)
	at org.testng.internal.TestInvoker.invokeMethod(TestInvoker.java:598)
	at org.testng.internal.TestInvoker.invokeTestMethod(TestInvoker.java:173)
	at org.testng.internal.MethodRunner.runInSequence(MethodRunner.java:46)
	at org.testng.internal.TestInvoker$MethodInvocationAgent.invoke(TestInvoker.java:824)
	at org.testng.internal.TestInvoker.invokeTestMethods(TestInvoker.java:146)
	at org.testng.internal.TestMethodWorker.invokeTestMethods(TestMethodWorker.java:146)
	at org.testng.internal.TestMethodWorker.run(TestMethodWorker.java:128)
	at java.base/java.util.ArrayList.forEach(ArrayList.java:1541)
	at org.testng.TestRunner.privateRun(TestRunner.java:794)
	at org.testng.TestRunner.run(TestRunner.java:596)
	at org.testng.SuiteRunner.runTest(SuiteRunner.java:377)
	at org.testng.SuiteRunner.runSequentially(SuiteRunner.java:371)
	at org.testng.SuiteRunner.privateRun(SuiteRunner.java:332)
	at org.testng.SuiteRunner.run(SuiteRunner.java:276)
	at org.testng.SuiteRunnerWorker.runSuite(SuiteRunnerWorker.java:53)
	at org.testng.SuiteRunnerWorker.run(SuiteRunnerWorker.java:96)
	at org.testng.TestNG.runSuitesSequentially(TestNG.java:1212)
	at org.testng.TestNG.runSuitesLocally(TestNG.java:1134)
	at org.testng.TestNG.runSuites(TestNG.java:1063)
	at org.testng.TestNG.run(TestNG.java:1031)
	at org.testng.remote.AbstractRemoteTestNG.run(AbstractRemoteTestNG.java:115)
	at org.testng.remote.RemoteTestNG.initAndRun(RemoteTestNG.java:251)
	at org.testng.remote.RemoteTestNG.main(RemoteTestNG.java:77)
</pre></div></td>
<td>4</td>
<td>com.qa.opencart.testcase.ProductDetailsPageTest@d1a10ac</td></tr>
</table><p>
<table width='100%' border='1' class='invocation-passed'>
<tr><td colspan='4' align='center'><b>PASSED TESTS</b></td></tr>
<tr><td><b>Test method</b></td>
<td width="30%"><b>Exception</b></td>
<td width="10%"><b>Time (seconds)</b></td>
<td><b>Instance</b></td>
</tr>
<tr>
<td title='com.qa.opencart.testcase.HomePageTest.verifyOpenCartPageTitleTest()'><b>verifyOpenCartPageTitleTest</b><br>Test class: com.qa.opencart.testcase.HomePageTest<br>Test method: TC_02_Verifying the opencart page title</td>
<td></td>
<td>0</td>
<td>com.qa.opencart.testcase.HomePageTest@340b7ef6</td></tr>
<tr>
<td title='com.qa.opencart.testcase.HomePageTest.navigateToRegistrationPageTest()'><b>navigateToRegistrationPageTest</b><br>Test class: com.qa.opencart.testcase.HomePageTest<br>Test method: TC_04_Navigate to registration page </td>
<td></td>
<td>8</td>
<td>com.qa.opencart.testcase.HomePageTest@340b7ef6</td></tr>
<tr>
<td title='com.qa.opencart.testcase.LoginPageTest.verifyLoginPageElementsTest()'><b>verifyLoginPageElementsTest</b><br>Test class: com.qa.opencart.testcase.LoginPageTest<br>Test method: TC_03_Verifying the Login page elements</td>
<td></td>
<td>0</td>
<td>com.qa.opencart.testcase.LoginPageTest@7068f7ca</td></tr>
<tr>
<td title='com.qa.opencart.testcase.MyAccountPageTest.verifyBrokenLinksTest()'><b>verifyBrokenLinksTest</b><br>Test class: com.qa.opencart.testcase.MyAccountPageTest<br>Test method: TC_06_Verify the broken links in my account page</td>
<td></td>
<td>30</td>
<td>com.qa.opencart.testcase.MyAccountPageTest@41aaedaa</td></tr>
<tr>
<td title='com.qa.opencart.testcase.HomePageTest.verifyOpenCartLogoTest()'><b>verifyOpenCartLogoTest</b><br>Test class: com.qa.opencart.testcase.HomePageTest<br>Test method: TC_01_Verifying the opencartLogo</td>
<td></td>
<td>0</td>
<td>com.qa.opencart.testcase.HomePageTest@340b7ef6</td></tr>
<tr>
<td title='com.qa.opencart.testcase.LoginPageTest.verifyLoginPageTitleTest()'><b>verifyLoginPageTitleTest</b><br>Test class: com.qa.opencart.testcase.LoginPageTest<br>Test method: TC_02_Verifying the login page title</td>
<td></td>
<td>0</td>
<td>com.qa.opencart.testcase.LoginPageTest@7068f7ca</td></tr>
<tr>
<td title='com.qa.opencart.testcase.LoginPageTest.verifyLoginPageUrlTest()'><b>verifyLoginPageUrlTest</b><br>Test class: com.qa.opencart.testcase.LoginPageTest<br>Test method: TC_01_Verifying the Login page Url</td>
<td></td>
<td>0</td>
<td>com.qa.opencart.testcase.LoginPageTest@7068f7ca</td></tr>
<tr>
<td title='com.qa.opencart.testcase.LoginPageTest.emptyCredsLoginTest()'><b>emptyCredsLoginTest</b><br>Test class: com.qa.opencart.testcase.LoginPageTest<br>Test method: TC_07_Empty Credentials login to opencart app</td>
<td></td>
<td>7</td>
<td>com.qa.opencart.testcase.LoginPageTest@7068f7ca</td></tr>
<tr>
<td title='com.qa.opencart.testcase.LoginPageTest.navigateToRegistrationPageTest()'><b>navigateToRegistrationPageTest</b><br>Test class: com.qa.opencart.testcase.LoginPageTest<br>Test method: TC_04_Navigate to registration page from Login page </td>
<td></td>
<td>3</td>
<td>com.qa.opencart.testcase.LoginPageTest@7068f7ca</td></tr>
<tr>
<td title='com.qa.opencart.testcase.LoginPageTest.doLogout()'><b>doLogout</b><br>Test class: com.qa.opencart.testcase.LoginPageTest</td>
<td></td>
<td>7</td>
<td>com.qa.opencart.testcase.LoginPageTest@7068f7ca</td></tr>
<tr>
<td title='com.qa.opencart.testcase.LoginPageTest.navigateToForgotPasswordTest()'><b>navigateToForgotPasswordTest</b><br>Test class: com.qa.opencart.testcase.LoginPageTest<br>Test method: TC_05_navigateTo forgot password page</td>
<td></td>
<td>2</td>
<td>com.qa.opencart.testcase.LoginPageTest@7068f7ca</td></tr>
<tr>
<td title='com.qa.opencart.testcase.MyAccountPageTest.verifyMyAccountPageUrlTest()'><b>verifyMyAccountPageUrlTest</b><br>Test class: com.qa.opencart.testcase.MyAccountPageTest<br>Test method: TC_01_Verifying the myAccount page Url</td>
<td></td>
<td>0</td>
<td>com.qa.opencart.testcase.MyAccountPageTest@41aaedaa</td></tr>
<tr>
<td title='com.qa.opencart.testcase.MyAccountPageTest.verifyMyAccountPageTitleTest()'><b>verifyMyAccountPageTitleTest</b><br>Test class: com.qa.opencart.testcase.MyAccountPageTest<br>Test method: TC_02_Verifying the My Account page title</td>
<td></td>
<td>0</td>
<td>com.qa.opencart.testcase.MyAccountPageTest@41aaedaa</td></tr>
<tr>
<td title='com.qa.opencart.testcase.MyAccountPageTest.verifyMyAccountHeadersListTest()'><b>verifyMyAccountHeadersListTest</b><br>Test class: com.qa.opencart.testcase.MyAccountPageTest<br>Test method: TC_05_Verify My Account Headers List</td>
<td></td>
<td>2</td>
<td>com.qa.opencart.testcase.MyAccountPageTest@41aaedaa</td></tr>
<tr>
<td title='com.qa.opencart.testcase.MyAccountPageTest.verifyMyAccountPageElementsTest()'><b>verifyMyAccountPageElementsTest</b><br>Test class: com.qa.opencart.testcase.MyAccountPageTest<br>Test method: TC_03_Verifying My Account page elements</td>
<td></td>
<td>0</td>
<td>com.qa.opencart.testcase.MyAccountPageTest@41aaedaa</td></tr>
<tr>
<td title='com.qa.opencart.testcase.LoginPageTest.happyPathLoginTest()'><b>happyPathLoginTest</b><br>Test class: com.qa.opencart.testcase.LoginPageTest<br>Test method: TC_06_Happy path flow login to opencart app</td>
<td></td>
<td>7</td>
<td>com.qa.opencart.testcase.LoginPageTest@7068f7ca</td></tr>
<tr>
<td title='com.qa.opencart.testcase.HomePageTest.verifyFeaturedCardsCountTest()'><b>verifyFeaturedCardsCountTest</b><br>Test class: com.qa.opencart.testcase.HomePageTest<br>Test method: TC_03_Verifying the Featured section cards count</td>
<td></td>
<td>0</td>
<td>com.qa.opencart.testcase.HomePageTest@340b7ef6</td></tr>
<tr>
<td title='com.qa.opencart.testcase.HomePageTest.navigateToLoginTest()'><b>navigateToLoginTest</b><br>Test class: com.qa.opencart.testcase.HomePageTest<br>Test method: TC_05_navigateToLogin</td>
<td></td>
<td>7</td>
<td>com.qa.opencart.testcase.HomePageTest@340b7ef6</td></tr>
<tr>
<td title='com.qa.opencart.testcase.MyAccountPageTest.VerifyMyAccountMenuOptionsTest()'><b>VerifyMyAccountMenuOptionsTest</b><br>Test class: com.qa.opencart.testcase.MyAccountPageTest<br>Test method: TC_04_Verify My Account Menu options test </td>
<td></td>
<td>2</td>
<td>com.qa.opencart.testcase.MyAccountPageTest@41aaedaa</td></tr>
</table><p>
<table width='100%' border='1' class='invocation-skipped'>
<tr><td colspan='4' align='center'><b>SKIPPED TESTS</b></td></tr>
<tr><td><b>Test method</b></td>
<td width="30%"><b>Exception</b></td>
<td width="10%"><b>Time (seconds)</b></td>
<td><b>Instance</b></td>
</tr>
<tr>
<td title='com.qa.opencart.testcase.RegistrationPageTest.registerAccountWithExcelTest()'><b>registerAccountWithExcelTest</b><br>Test class: com.qa.opencart.testcase.RegistrationPageTest<br>Test method: TC_02_Register an account with excel data</td>
<td><div><pre>java.lang.RuntimeException: java.lang.NullPointerException
	at java.base/java.util.ArrayList.forEach(ArrayList.java:1541)
Caused by: java.lang.NullPointerException
	at com.qa.opencart.utils.ExcelUtils.getTestData(ExcelUtils.java:46)
	at com.qa.opencart.testcase.RegistrationPageTest.excelData(RegistrationPageTest.java:138)
	... 25 more
... Removed 32 stack frames</pre></div><a href='#' onClick='toggleBox("stack-trace1709243428", this, "Click to show all stack frames", "Click to hide stack frames")'>Click to show all stack frames</a>
<div class='stack-trace' id='stack-trace1709243428'><pre>java.lang.RuntimeException: java.lang.NullPointerException
	at org.testng.internal.MethodInvocationHelper.invokeMethodNoCheckedException(MethodInvocationHelper.java:50)
	at org.testng.internal.MethodInvocationHelper.invokeDataProvider(MethodInvocationHelper.java:146)
	at org.testng.internal.Parameters.handleParameters(Parameters.java:798)
	at org.testng.internal.Parameters.handleParameters(Parameters.java:740)
	at org.testng.internal.ParameterHandler.handleParameters(ParameterHandler.java:59)
	at org.testng.internal.ParameterHandler.createParameters(ParameterHandler.java:38)
	at org.testng.internal.TestInvoker$MethodInvocationAgent.invoke(TestInvoker.java:791)
	at org.testng.internal.TestInvoker.invokeTestMethods(TestInvoker.java:146)
	at org.testng.internal.TestMethodWorker.invokeTestMethods(TestMethodWorker.java:146)
	at org.testng.internal.TestMethodWorker.run(TestMethodWorker.java:128)
	at java.base/java.util.ArrayList.forEach(ArrayList.java:1541)
	at org.testng.TestRunner.privateRun(TestRunner.java:794)
	at org.testng.TestRunner.run(TestRunner.java:596)
	at org.testng.SuiteRunner.runTest(SuiteRunner.java:377)
	at org.testng.SuiteRunner.runSequentially(SuiteRunner.java:371)
	at org.testng.SuiteRunner.privateRun(SuiteRunner.java:332)
	at org.testng.SuiteRunner.run(SuiteRunner.java:276)
	at org.testng.SuiteRunnerWorker.runSuite(SuiteRunnerWorker.java:53)
	at org.testng.SuiteRunnerWorker.run(SuiteRunnerWorker.java:96)
	at org.testng.TestNG.runSuitesSequentially(TestNG.java:1212)
	at org.testng.TestNG.runSuitesLocally(TestNG.java:1134)
	at org.testng.TestNG.runSuites(TestNG.java:1063)
	at org.testng.TestNG.run(TestNG.java:1031)
	at org.testng.remote.AbstractRemoteTestNG.run(AbstractRemoteTestNG.java:115)
	at org.testng.remote.RemoteTestNG.initAndRun(RemoteTestNG.java:251)
	at org.testng.remote.RemoteTestNG.main(RemoteTestNG.java:77)
Caused by: java.lang.NullPointerException
	at com.qa.opencart.utils.ExcelUtils.getTestData(ExcelUtils.java:46)
	at com.qa.opencart.testcase.RegistrationPageTest.excelData(RegistrationPageTest.java:138)
	at java.base/jdk.internal.reflect.NativeMethodAccessorImpl.invoke0(Native Method)
	at java.base/jdk.internal.reflect.NativeMethodAccessorImpl.invoke(NativeMethodAccessorImpl.java:62)
	at java.base/jdk.internal.reflect.DelegatingMethodAccessorImpl.invoke(DelegatingMethodAccessorImpl.java:43)
	at java.base/java.lang.reflect.Method.invoke(Method.java:566)
	at org.testng.internal.MethodInvocationHelper.invokeMethod(MethodInvocationHelper.java:133)
	at org.testng.internal.MethodInvocationHelper.invokeMethod(MethodInvocationHelper.java:77)
	at org.testng.internal.MethodInvocationHelper.invokeMethodNoCheckedException(MethodInvocationHelper.java:46)
	... 25 more
</pre></div></td>
<td>0</td>
<td>com.qa.opencart.testcase.RegistrationPageTest@75b3673</td></tr>
<tr>
<td title='com.qa.opencart.testcase.MyAccountPageTest.doLogout()'><b>doLogout</b><br>Test class: com.qa.opencart.testcase.MyAccountPageTest</td>
<td><div><pre>java.lang.Throwable: Method MyAccountPageTest.doLogout()[pri:0, instance:com.qa.opencart.testcase.MyAccountPageTest@41aaedaa] depends on not successfully finished methods
	at java.base/java.util.ArrayList.forEach(ArrayList.java:1541)
... Removed 18 stack frames</pre></div><a href='#' onClick='toggleBox("stack-trace45216104", this, "Click to show all stack frames", "Click to hide stack frames")'>Click to show all stack frames</a>
<div class='stack-trace' id='stack-trace45216104'><pre>java.lang.Throwable: Method MyAccountPageTest.doLogout()[pri:0, instance:com.qa.opencart.testcase.MyAccountPageTest@41aaedaa] depends on not successfully finished methods
	at org.testng.internal.TestInvoker.invokeTestMethods(TestInvoker.java:102)
	at org.testng.internal.TestMethodWorker.invokeTestMethods(TestMethodWorker.java:146)
	at org.testng.internal.TestMethodWorker.run(TestMethodWorker.java:128)
	at java.base/java.util.ArrayList.forEach(ArrayList.java:1541)
	at org.testng.TestRunner.privateRun(TestRunner.java:794)
	at org.testng.TestRunner.run(TestRunner.java:596)
	at org.testng.SuiteRunner.runTest(SuiteRunner.java:377)
	at org.testng.SuiteRunner.runSequentially(SuiteRunner.java:371)
	at org.testng.SuiteRunner.privateRun(SuiteRunner.java:332)
	at org.testng.SuiteRunner.run(SuiteRunner.java:276)
	at org.testng.SuiteRunnerWorker.runSuite(SuiteRunnerWorker.java:53)
	at org.testng.SuiteRunnerWorker.run(SuiteRunnerWorker.java:96)
	at org.testng.TestNG.runSuitesSequentially(TestNG.java:1212)
	at org.testng.TestNG.runSuitesLocally(TestNG.java:1134)
	at org.testng.TestNG.runSuites(TestNG.java:1063)
	at org.testng.TestNG.run(TestNG.java:1031)
	at org.testng.remote.AbstractRemoteTestNG.run(AbstractRemoteTestNG.java:115)
	at org.testng.remote.RemoteTestNG.initAndRun(RemoteTestNG.java:251)
	at org.testng.remote.RemoteTestNG.main(RemoteTestNG.java:77)
</pre></div></td>
<td>0</td>
<td>com.qa.opencart.testcase.MyAccountPageTest@41aaedaa</td></tr>
<tr>
<td title='com.qa.opencart.testcase.ProductDetailsPageTest.doLogout()'><b>doLogout</b><br>Test class: com.qa.opencart.testcase.ProductDetailsPageTest</td>
<td><div><pre>java.lang.Throwable: Method ProductDetailsPageTest.doLogout()[pri:0, instance:com.qa.opencart.testcase.ProductDetailsPageTest@d1a10ac] depends on not successfully finished methods
	at java.base/java.util.ArrayList.forEach(ArrayList.java:1541)
... Removed 18 stack frames</pre></div><a href='#' onClick='toggleBox("stack-trace516977711", this, "Click to show all stack frames", "Click to hide stack frames")'>Click to show all stack frames</a>
<div class='stack-trace' id='stack-trace516977711'><pre>java.lang.Throwable: Method ProductDetailsPageTest.doLogout()[pri:0, instance:com.qa.opencart.testcase.ProductDetailsPageTest@d1a10ac] depends on not successfully finished methods
	at org.testng.internal.TestInvoker.invokeTestMethods(TestInvoker.java:102)
	at org.testng.internal.TestMethodWorker.invokeTestMethods(TestMethodWorker.java:146)
	at org.testng.internal.TestMethodWorker.run(TestMethodWorker.java:128)
	at java.base/java.util.ArrayList.forEach(ArrayList.java:1541)
	at org.testng.TestRunner.privateRun(TestRunner.java:794)
	at org.testng.TestRunner.run(TestRunner.java:596)
	at org.testng.SuiteRunner.runTest(SuiteRunner.java:377)
	at org.testng.SuiteRunner.runSequentially(SuiteRunner.java:371)
	at org.testng.SuiteRunner.privateRun(SuiteRunner.java:332)
	at org.testng.SuiteRunner.run(SuiteRunner.java:276)
	at org.testng.SuiteRunnerWorker.runSuite(SuiteRunnerWorker.java:53)
	at org.testng.SuiteRunnerWorker.run(SuiteRunnerWorker.java:96)
	at org.testng.TestNG.runSuitesSequentially(TestNG.java:1212)
	at org.testng.TestNG.runSuitesLocally(TestNG.java:1134)
	at org.testng.TestNG.runSuites(TestNG.java:1063)
	at org.testng.TestNG.run(TestNG.java:1031)
	at org.testng.remote.AbstractRemoteTestNG.run(AbstractRemoteTestNG.java:115)
	at org.testng.remote.RemoteTestNG.initAndRun(RemoteTestNG.java:251)
	at org.testng.remote.RemoteTestNG.main(RemoteTestNG.java:77)
</pre></div></td>
<td>0</td>
<td>com.qa.opencart.testcase.ProductDetailsPageTest@d1a10ac</td></tr>
</table><p>
</body>
</html>